The system is: Linux - 5.4.0-150-generic - x86_64
Compiling the C compiler identification source file "CMakeCCompilerId.c" succeeded.
Compiler: /usr/bin/cc 
Build flags: 
Id flags:  

The output was:
0


Compilation of the C compiler identification source "CMakeCCompilerId.c" produced "a.out"

The C compiler identification is GNU, found in "/home/qiujian/only_test/ubus/jsonC_build/CMakeFiles/3.10.2/CompilerIdC/a.out"

Determining if the C compiler works passed with the following output:
Change Dir: /home/qiujian/only_test/ubus/jsonC_build/CMakeFiles/CMakeTmp

Run Build Command:"/usr/bin/make" "cmTC_8cc4e/fast"
/usr/bin/make -f CMakeFiles/cmTC_8cc4e.dir/build.make CMakeFiles/cmTC_8cc4e.dir/build
make[1]: 进入目录“/home/qiujian/only_test/ubus/jsonC_build/CMakeFiles/CMakeTmp”
Building C object CMakeFiles/cmTC_8cc4e.dir/testCCompiler.c.o
/usr/bin/cc    -o CMakeFiles/cmTC_8cc4e.dir/testCCompiler.c.o   -c /home/qiujian/only_test/ubus/jsonC_build/CMakeFiles/CMakeTmp/testCCompiler.c
Linking C executable cmTC_8cc4e
/usr/bin/cmake -E cmake_link_script CMakeFiles/cmTC_8cc4e.dir/link.txt --verbose=1
/usr/bin/cc      CMakeFiles/cmTC_8cc4e.dir/testCCompiler.c.o  -o cmTC_8cc4e 
make[1]: 离开目录“/home/qiujian/only_test/ubus/jsonC_build/CMakeFiles/CMakeTmp”


Detecting C compiler ABI info compiled with the following output:
Change Dir: /home/qiujian/only_test/ubus/jsonC_build/CMakeFiles/CMakeTmp

Run Build Command:"/usr/bin/make" "cmTC_ce120/fast"
/usr/bin/make -f CMakeFiles/cmTC_ce120.dir/build.make CMakeFiles/cmTC_ce120.dir/build
make[1]: 进入目录“/home/qiujian/only_test/ubus/jsonC_build/CMakeFiles/CMakeTmp”
Building C object CMakeFiles/cmTC_ce120.dir/CMakeCCompilerABI.c.o
/usr/bin/cc    -o CMakeFiles/cmTC_ce120.dir/CMakeCCompilerABI.c.o   -c /usr/share/cmake-3.10/Modules/CMakeCCompilerABI.c
Linking C executable cmTC_ce120
/usr/bin/cmake -E cmake_link_script CMakeFiles/cmTC_ce120.dir/link.txt --verbose=1
/usr/bin/cc     -v CMakeFiles/cmTC_ce120.dir/CMakeCCompilerABI.c.o  -o cmTC_ce120 
Using built-in specs.
COLLECT_GCC=/usr/bin/cc
COLLECT_LTO_WRAPPER=/usr/lib/gcc/x86_64-linux-gnu/7/lto-wrapper
OFFLOAD_TARGET_NAMES=nvptx-none
OFFLOAD_TARGET_DEFAULT=1
Target: x86_64-linux-gnu
Configured with: ../src/configure -v --with-pkgversion='Ubuntu 7.5.0-3ubuntu1~18.04' --with-bugurl=file:///usr/share/doc/gcc-7/README.Bugs --enable-languages=c,ada,c++,go,brig,d,fortran,objc,obj-c++ --prefix=/usr --with-gcc-major-version-only --program-suffix=-7 --program-prefix=x86_64-linux-gnu- --enable-shared --enable-linker-build-id --libexecdir=/usr/lib --without-included-gettext --enable-threads=posix --libdir=/usr/lib --enable-nls --enable-bootstrap --enable-clocale=gnu --enable-libstdcxx-debug --enable-libstdcxx-time=yes --with-default-libstdcxx-abi=new --enable-gnu-unique-object --disable-vtable-verify --enable-libmpx --enable-plugin --enable-default-pie --with-system-zlib --with-target-system-zlib --enable-objc-gc=auto --enable-multiarch --disable-werror --with-arch-32=i686 --with-abi=m64 --with-multilib-list=m32,m64,mx32 --enable-multilib --with-tune=generic --enable-offload-targets=nvptx-none --without-cuda-driver --enable-checking=release --build=x86_64-linux-gnu --host=x86_64-linux-gnu --target=x86_64-linux-gnu
Thread model: posix
gcc version 7.5.0 (Ubuntu 7.5.0-3ubuntu1~18.04) 
COMPILER_PATH=/usr/lib/gcc/x86_64-linux-gnu/7/:/usr/lib/gcc/x86_64-linux-gnu/7/:/usr/lib/gcc/x86_64-linux-gnu/:/usr/lib/gcc/x86_64-linux-gnu/7/:/usr/lib/gcc/x86_64-linux-gnu/
LIBRARY_PATH=/usr/lib/gcc/x86_64-linux-gnu/7/:/usr/lib/gcc/x86_64-linux-gnu/7/../../../x86_64-linux-gnu/:/usr/lib/gcc/x86_64-linux-gnu/7/../../../../lib/:/lib/x86_64-linux-gnu/:/lib/../lib/:/usr/lib/x86_64-linux-gnu/:/usr/lib/../lib/:/usr/lib/gcc/x86_64-linux-gnu/7/../../../:/lib/:/usr/lib/
COLLECT_GCC_OPTIONS='-v' '-o' 'cmTC_ce120' '-mtune=generic' '-march=x86-64'
 /usr/lib/gcc/x86_64-linux-gnu/7/collect2 -plugin /usr/lib/gcc/x86_64-linux-gnu/7/liblto_plugin.so -plugin-opt=/usr/lib/gcc/x86_64-linux-gnu/7/lto-wrapper -plugin-opt=-fresolution=/tmp/ccxmcOKl.res -plugin-opt=-pass-through=-lgcc -plugin-opt=-pass-through=-lgcc_s -plugin-opt=-pass-through=-lc -plugin-opt=-pass-through=-lgcc -plugin-opt=-pass-through=-lgcc_s --build-id --eh-frame-hdr -m elf_x86_64 --hash-style=gnu --as-needed -dynamic-linker /lib64/ld-linux-x86-64.so.2 -pie -z now -z relro -o cmTC_ce120 /usr/lib/gcc/x86_64-linux-gnu/7/../../../x86_64-linux-gnu/Scrt1.o /usr/lib/gcc/x86_64-linux-gnu/7/../../../x86_64-linux-gnu/crti.o /usr/lib/gcc/x86_64-linux-gnu/7/crtbeginS.o -L/usr/lib/gcc/x86_64-linux-gnu/7 -L/usr/lib/gcc/x86_64-linux-gnu/7/../../../x86_64-linux-gnu -L/usr/lib/gcc/x86_64-linux-gnu/7/../../../../lib -L/lib/x86_64-linux-gnu -L/lib/../lib -L/usr/lib/x86_64-linux-gnu -L/usr/lib/../lib -L/usr/lib/gcc/x86_64-linux-gnu/7/../../.. CMakeFiles/cmTC_ce120.dir/CMakeCCompilerABI.c.o -lgcc --push-state --as-needed -lgcc_s --pop-state -lc -lgcc --push-state --as-needed -lgcc_s --pop-state /usr/lib/gcc/x86_64-linux-gnu/7/crtendS.o /usr/lib/gcc/x86_64-linux-gnu/7/../../../x86_64-linux-gnu/crtn.o
COLLECT_GCC_OPTIONS='-v' '-o' 'cmTC_ce120' '-mtune=generic' '-march=x86-64'
make[1]: 离开目录“/home/qiujian/only_test/ubus/jsonC_build/CMakeFiles/CMakeTmp”


Parsed C implicit link information from above output:
  link line regex: [^( *|.*[/\])(ld|CMAKE_LINK_STARTFILE-NOTFOUND|([^/\]+-)?ld|collect2)[^/\]*( |$)]
  ignore line: [Change Dir: /home/qiujian/only_test/ubus/jsonC_build/CMakeFiles/CMakeTmp]
  ignore line: []
  ignore line: [Run Build Command:"/usr/bin/make" "cmTC_ce120/fast"]
  ignore line: [/usr/bin/make -f CMakeFiles/cmTC_ce120.dir/build.make CMakeFiles/cmTC_ce120.dir/build]
  ignore line: [make[1]: 进入目录“/home/qiujian/only_test/ubus/jsonC_build/CMakeFiles/CMakeTmp”]
  ignore line: [Building C object CMakeFiles/cmTC_ce120.dir/CMakeCCompilerABI.c.o]
  ignore line: [/usr/bin/cc    -o CMakeFiles/cmTC_ce120.dir/CMakeCCompilerABI.c.o   -c /usr/share/cmake-3.10/Modules/CMakeCCompilerABI.c]
  ignore line: [Linking C executable cmTC_ce120]
  ignore line: [/usr/bin/cmake -E cmake_link_script CMakeFiles/cmTC_ce120.dir/link.txt --verbose=1]
  ignore line: [/usr/bin/cc     -v CMakeFiles/cmTC_ce120.dir/CMakeCCompilerABI.c.o  -o cmTC_ce120 ]
  ignore line: [Using built-in specs.]
  ignore line: [COLLECT_GCC=/usr/bin/cc]
  ignore line: [COLLECT_LTO_WRAPPER=/usr/lib/gcc/x86_64-linux-gnu/7/lto-wrapper]
  ignore line: [OFFLOAD_TARGET_NAMES=nvptx-none]
  ignore line: [OFFLOAD_TARGET_DEFAULT=1]
  ignore line: [Target: x86_64-linux-gnu]
  ignore line: [Configured with: ../src/configure -v --with-pkgversion='Ubuntu 7.5.0-3ubuntu1~18.04' --with-bugurl=file:///usr/share/doc/gcc-7/README.Bugs --enable-languages=c,ada,c++,go,brig,d,fortran,objc,obj-c++ --prefix=/usr --with-gcc-major-version-only --program-suffix=-7 --program-prefix=x86_64-linux-gnu- --enable-shared --enable-linker-build-id --libexecdir=/usr/lib --without-included-gettext --enable-threads=posix --libdir=/usr/lib --enable-nls --enable-bootstrap --enable-clocale=gnu --enable-libstdcxx-debug --enable-libstdcxx-time=yes --with-default-libstdcxx-abi=new --enable-gnu-unique-object --disable-vtable-verify --enable-libmpx --enable-plugin --enable-default-pie --with-system-zlib --with-target-system-zlib --enable-objc-gc=auto --enable-multiarch --disable-werror --with-arch-32=i686 --with-abi=m64 --with-multilib-list=m32,m64,mx32 --enable-multilib --with-tune=generic --enable-offload-targets=nvptx-none --without-cuda-driver --enable-checking=release --build=x86_64-linux-gnu --host=x86_64-linux-gnu --target=x86_64-linux-gnu]
  ignore line: [Thread model: posix]
  ignore line: [gcc version 7.5.0 (Ubuntu 7.5.0-3ubuntu1~18.04) ]
  ignore line: [COMPILER_PATH=/usr/lib/gcc/x86_64-linux-gnu/7/:/usr/lib/gcc/x86_64-linux-gnu/7/:/usr/lib/gcc/x86_64-linux-gnu/:/usr/lib/gcc/x86_64-linux-gnu/7/:/usr/lib/gcc/x86_64-linux-gnu/]
  ignore line: [LIBRARY_PATH=/usr/lib/gcc/x86_64-linux-gnu/7/:/usr/lib/gcc/x86_64-linux-gnu/7/../../../x86_64-linux-gnu/:/usr/lib/gcc/x86_64-linux-gnu/7/../../../../lib/:/lib/x86_64-linux-gnu/:/lib/../lib/:/usr/lib/x86_64-linux-gnu/:/usr/lib/../lib/:/usr/lib/gcc/x86_64-linux-gnu/7/../../../:/lib/:/usr/lib/]
  ignore line: [COLLECT_GCC_OPTIONS='-v' '-o' 'cmTC_ce120' '-mtune=generic' '-march=x86-64']
  link line: [ /usr/lib/gcc/x86_64-linux-gnu/7/collect2 -plugin /usr/lib/gcc/x86_64-linux-gnu/7/liblto_plugin.so -plugin-opt=/usr/lib/gcc/x86_64-linux-gnu/7/lto-wrapper -plugin-opt=-fresolution=/tmp/ccxmcOKl.res -plugin-opt=-pass-through=-lgcc -plugin-opt=-pass-through=-lgcc_s -plugin-opt=-pass-through=-lc -plugin-opt=-pass-through=-lgcc -plugin-opt=-pass-through=-lgcc_s --build-id --eh-frame-hdr -m elf_x86_64 --hash-style=gnu --as-needed -dynamic-linker /lib64/ld-linux-x86-64.so.2 -pie -z now -z relro -o cmTC_ce120 /usr/lib/gcc/x86_64-linux-gnu/7/../../../x86_64-linux-gnu/Scrt1.o /usr/lib/gcc/x86_64-linux-gnu/7/../../../x86_64-linux-gnu/crti.o /usr/lib/gcc/x86_64-linux-gnu/7/crtbeginS.o -L/usr/lib/gcc/x86_64-linux-gnu/7 -L/usr/lib/gcc/x86_64-linux-gnu/7/../../../x86_64-linux-gnu -L/usr/lib/gcc/x86_64-linux-gnu/7/../../../../lib -L/lib/x86_64-linux-gnu -L/lib/../lib -L/usr/lib/x86_64-linux-gnu -L/usr/lib/../lib -L/usr/lib/gcc/x86_64-linux-gnu/7/../../.. CMakeFiles/cmTC_ce120.dir/CMakeCCompilerABI.c.o -lgcc --push-state --as-needed -lgcc_s --pop-state -lc -lgcc --push-state --as-needed -lgcc_s --pop-state /usr/lib/gcc/x86_64-linux-gnu/7/crtendS.o /usr/lib/gcc/x86_64-linux-gnu/7/../../../x86_64-linux-gnu/crtn.o]
    arg [/usr/lib/gcc/x86_64-linux-gnu/7/collect2] ==> ignore
    arg [-plugin] ==> ignore
    arg [/usr/lib/gcc/x86_64-linux-gnu/7/liblto_plugin.so] ==> ignore
    arg [-plugin-opt=/usr/lib/gcc/x86_64-linux-gnu/7/lto-wrapper] ==> ignore
    arg [-plugin-opt=-fresolution=/tmp/ccxmcOKl.res] ==> ignore
    arg [-plugin-opt=-pass-through=-lgcc] ==> ignore
    arg [-plugin-opt=-pass-through=-lgcc_s] ==> ignore
    arg [-plugin-opt=-pass-through=-lc] ==> ignore
    arg [-plugin-opt=-pass-through=-lgcc] ==> ignore
    arg [-plugin-opt=-pass-through=-lgcc_s] ==> ignore
    arg [--build-id] ==> ignore
    arg [--eh-frame-hdr] ==> ignore
    arg [-m] ==> ignore
    arg [elf_x86_64] ==> ignore
    arg [--hash-style=gnu] ==> ignore
    arg [--as-needed] ==> ignore
    arg [-dynamic-linker] ==> ignore
    arg [/lib64/ld-linux-x86-64.so.2] ==> ignore
    arg [-pie] ==> ignore
    arg [-znow] ==> ignore
    arg [-zrelro] ==> ignore
    arg [-o] ==> ignore
    arg [cmTC_ce120] ==> ignore
    arg [/usr/lib/gcc/x86_64-linux-gnu/7/../../../x86_64-linux-gnu/Scrt1.o] ==> ignore
    arg [/usr/lib/gcc/x86_64-linux-gnu/7/../../../x86_64-linux-gnu/crti.o] ==> ignore
    arg [/usr/lib/gcc/x86_64-linux-gnu/7/crtbeginS.o] ==> ignore
    arg [-L/usr/lib/gcc/x86_64-linux-gnu/7] ==> dir [/usr/lib/gcc/x86_64-linux-gnu/7]
    arg [-L/usr/lib/gcc/x86_64-linux-gnu/7/../../../x86_64-linux-gnu] ==> dir [/usr/lib/gcc/x86_64-linux-gnu/7/../../../x86_64-linux-gnu]
    arg [-L/usr/lib/gcc/x86_64-linux-gnu/7/../../../../lib] ==> dir [/usr/lib/gcc/x86_64-linux-gnu/7/../../../../lib]
    arg [-L/lib/x86_64-linux-gnu] ==> dir [/lib/x86_64-linux-gnu]
    arg [-L/lib/../lib] ==> dir [/lib/../lib]
    arg [-L/usr/lib/x86_64-linux-gnu] ==> dir [/usr/lib/x86_64-linux-gnu]
    arg [-L/usr/lib/../lib] ==> dir [/usr/lib/../lib]
    arg [-L/usr/lib/gcc/x86_64-linux-gnu/7/../../..] ==> dir [/usr/lib/gcc/x86_64-linux-gnu/7/../../..]
    arg [CMakeFiles/cmTC_ce120.dir/CMakeCCompilerABI.c.o] ==> ignore
    arg [-lgcc] ==> lib [gcc]
    arg [--push-state] ==> ignore
    arg [--as-needed] ==> ignore
    arg [-lgcc_s] ==> lib [gcc_s]
    arg [--pop-state] ==> ignore
    arg [-lc] ==> lib [c]
    arg [-lgcc] ==> lib [gcc]
    arg [--push-state] ==> ignore
    arg [--as-needed] ==> ignore
    arg [-lgcc_s] ==> lib [gcc_s]
    arg [--pop-state] ==> ignore
    arg [/usr/lib/gcc/x86_64-linux-gnu/7/crtendS.o] ==> ignore
    arg [/usr/lib/gcc/x86_64-linux-gnu/7/../../../x86_64-linux-gnu/crtn.o] ==> ignore
  collapse library dir [/usr/lib/gcc/x86_64-linux-gnu/7] ==> [/usr/lib/gcc/x86_64-linux-gnu/7]
  collapse library dir [/usr/lib/gcc/x86_64-linux-gnu/7/../../../x86_64-linux-gnu] ==> [/usr/lib/x86_64-linux-gnu]
  collapse library dir [/usr/lib/gcc/x86_64-linux-gnu/7/../../../../lib] ==> [/usr/lib]
  collapse library dir [/lib/x86_64-linux-gnu] ==> [/lib/x86_64-linux-gnu]
  collapse library dir [/lib/../lib] ==> [/lib]
  collapse library dir [/usr/lib/x86_64-linux-gnu] ==> [/usr/lib/x86_64-linux-gnu]
  collapse library dir [/usr/lib/../lib] ==> [/usr/lib]
  collapse library dir [/usr/lib/gcc/x86_64-linux-gnu/7/../../..] ==> [/usr/lib]
  implicit libs: [gcc;gcc_s;c;gcc;gcc_s]
  implicit dirs: [/usr/lib/gcc/x86_64-linux-gnu/7;/usr/lib/x86_64-linux-gnu;/usr/lib;/lib/x86_64-linux-gnu;/lib]
  implicit fwks: []




Detecting C [-std=c11] compiler features compiled with the following output:
Change Dir: /home/qiujian/only_test/ubus/jsonC_build/CMakeFiles/CMakeTmp

Run Build Command:"/usr/bin/make" "cmTC_adb2f/fast"
/usr/bin/make -f CMakeFiles/cmTC_adb2f.dir/build.make CMakeFiles/cmTC_adb2f.dir/build
make[1]: 进入目录“/home/qiujian/only_test/ubus/jsonC_build/CMakeFiles/CMakeTmp”
Building C object CMakeFiles/cmTC_adb2f.dir/feature_tests.c.o
/usr/bin/cc   -std=c11 -o CMakeFiles/cmTC_adb2f.dir/feature_tests.c.o   -c /home/qiujian/only_test/ubus/jsonC_build/CMakeFiles/feature_tests.c
Linking C executable cmTC_adb2f
/usr/bin/cmake -E cmake_link_script CMakeFiles/cmTC_adb2f.dir/link.txt --verbose=1
/usr/bin/cc      CMakeFiles/cmTC_adb2f.dir/feature_tests.c.o  -o cmTC_adb2f 
make[1]: 离开目录“/home/qiujian/only_test/ubus/jsonC_build/CMakeFiles/CMakeTmp”


    Feature record: C_FEATURE:1c_function_prototypes
    Feature record: C_FEATURE:1c_restrict
    Feature record: C_FEATURE:1c_static_assert
    Feature record: C_FEATURE:1c_variadic_macros


Detecting C [-std=c99] compiler features compiled with the following output:
Change Dir: /home/qiujian/only_test/ubus/jsonC_build/CMakeFiles/CMakeTmp

Run Build Command:"/usr/bin/make" "cmTC_e5f7b/fast"
/usr/bin/make -f CMakeFiles/cmTC_e5f7b.dir/build.make CMakeFiles/cmTC_e5f7b.dir/build
make[1]: 进入目录“/home/qiujian/only_test/ubus/jsonC_build/CMakeFiles/CMakeTmp”
Building C object CMakeFiles/cmTC_e5f7b.dir/feature_tests.c.o
/usr/bin/cc   -std=c99 -o CMakeFiles/cmTC_e5f7b.dir/feature_tests.c.o   -c /home/qiujian/only_test/ubus/jsonC_build/CMakeFiles/feature_tests.c
Linking C executable cmTC_e5f7b
/usr/bin/cmake -E cmake_link_script CMakeFiles/cmTC_e5f7b.dir/link.txt --verbose=1
/usr/bin/cc      CMakeFiles/cmTC_e5f7b.dir/feature_tests.c.o  -o cmTC_e5f7b 
make[1]: 离开目录“/home/qiujian/only_test/ubus/jsonC_build/CMakeFiles/CMakeTmp”


    Feature record: C_FEATURE:1c_function_prototypes
    Feature record: C_FEATURE:1c_restrict
    Feature record: C_FEATURE:0c_static_assert
    Feature record: C_FEATURE:1c_variadic_macros


Detecting C [-std=c90] compiler features compiled with the following output:
Change Dir: /home/qiujian/only_test/ubus/jsonC_build/CMakeFiles/CMakeTmp

Run Build Command:"/usr/bin/make" "cmTC_d3dbd/fast"
/usr/bin/make -f CMakeFiles/cmTC_d3dbd.dir/build.make CMakeFiles/cmTC_d3dbd.dir/build
make[1]: 进入目录“/home/qiujian/only_test/ubus/jsonC_build/CMakeFiles/CMakeTmp”
Building C object CMakeFiles/cmTC_d3dbd.dir/feature_tests.c.o
/usr/bin/cc   -std=c90 -o CMakeFiles/cmTC_d3dbd.dir/feature_tests.c.o   -c /home/qiujian/only_test/ubus/jsonC_build/CMakeFiles/feature_tests.c
Linking C executable cmTC_d3dbd
/usr/bin/cmake -E cmake_link_script CMakeFiles/cmTC_d3dbd.dir/link.txt --verbose=1
/usr/bin/cc      CMakeFiles/cmTC_d3dbd.dir/feature_tests.c.o  -o cmTC_d3dbd 
make[1]: 离开目录“/home/qiujian/only_test/ubus/jsonC_build/CMakeFiles/CMakeTmp”


    Feature record: C_FEATURE:1c_function_prototypes
    Feature record: C_FEATURE:0c_restrict
    Feature record: C_FEATURE:0c_static_assert
    Feature record: C_FEATURE:0c_variadic_macros
Determining if the include file fcntl.h exists passed with the following output:
Change Dir: /home/qiujian/only_test/ubus/jsonC_build/CMakeFiles/CMakeTmp

Run Build Command:"/usr/bin/make" "cmTC_7cb6b/fast"
/usr/bin/make -f CMakeFiles/cmTC_7cb6b.dir/build.make CMakeFiles/cmTC_7cb6b.dir/build
make[1]: 进入目录“/home/qiujian/only_test/ubus/jsonC_build/CMakeFiles/CMakeTmp”
Building C object CMakeFiles/cmTC_7cb6b.dir/CheckIncludeFile.c.o
/usr/bin/cc -D_GNU_SOURCE  -fPIE   -o CMakeFiles/cmTC_7cb6b.dir/CheckIncludeFile.c.o   -c /home/qiujian/only_test/ubus/jsonC_build/CMakeFiles/CMakeTmp/CheckIncludeFile.c
Linking C executable cmTC_7cb6b
/usr/bin/cmake -E cmake_link_script CMakeFiles/cmTC_7cb6b.dir/link.txt --verbose=1
/usr/bin/cc      CMakeFiles/cmTC_7cb6b.dir/CheckIncludeFile.c.o  -o cmTC_7cb6b 
make[1]: 离开目录“/home/qiujian/only_test/ubus/jsonC_build/CMakeFiles/CMakeTmp”


Determining if the include file inttypes.h exists passed with the following output:
Change Dir: /home/qiujian/only_test/ubus/jsonC_build/CMakeFiles/CMakeTmp

Run Build Command:"/usr/bin/make" "cmTC_a08ba/fast"
/usr/bin/make -f CMakeFiles/cmTC_a08ba.dir/build.make CMakeFiles/cmTC_a08ba.dir/build
make[1]: 进入目录“/home/qiujian/only_test/ubus/jsonC_build/CMakeFiles/CMakeTmp”
Building C object CMakeFiles/cmTC_a08ba.dir/CheckIncludeFile.c.o
/usr/bin/cc -D_GNU_SOURCE  -fPIE   -o CMakeFiles/cmTC_a08ba.dir/CheckIncludeFile.c.o   -c /home/qiujian/only_test/ubus/jsonC_build/CMakeFiles/CMakeTmp/CheckIncludeFile.c
Linking C executable cmTC_a08ba
/usr/bin/cmake -E cmake_link_script CMakeFiles/cmTC_a08ba.dir/link.txt --verbose=1
/usr/bin/cc      CMakeFiles/cmTC_a08ba.dir/CheckIncludeFile.c.o  -o cmTC_a08ba 
make[1]: 离开目录“/home/qiujian/only_test/ubus/jsonC_build/CMakeFiles/CMakeTmp”


Determining if the include file stdarg.h exists passed with the following output:
Change Dir: /home/qiujian/only_test/ubus/jsonC_build/CMakeFiles/CMakeTmp

Run Build Command:"/usr/bin/make" "cmTC_66c72/fast"
/usr/bin/make -f CMakeFiles/cmTC_66c72.dir/build.make CMakeFiles/cmTC_66c72.dir/build
make[1]: 进入目录“/home/qiujian/only_test/ubus/jsonC_build/CMakeFiles/CMakeTmp”
Building C object CMakeFiles/cmTC_66c72.dir/CheckIncludeFile.c.o
/usr/bin/cc -D_GNU_SOURCE  -fPIE   -o CMakeFiles/cmTC_66c72.dir/CheckIncludeFile.c.o   -c /home/qiujian/only_test/ubus/jsonC_build/CMakeFiles/CMakeTmp/CheckIncludeFile.c
Linking C executable cmTC_66c72
/usr/bin/cmake -E cmake_link_script CMakeFiles/cmTC_66c72.dir/link.txt --verbose=1
/usr/bin/cc      CMakeFiles/cmTC_66c72.dir/CheckIncludeFile.c.o  -o cmTC_66c72 
make[1]: 离开目录“/home/qiujian/only_test/ubus/jsonC_build/CMakeFiles/CMakeTmp”


Determining if the include file strings.h exists passed with the following output:
Change Dir: /home/qiujian/only_test/ubus/jsonC_build/CMakeFiles/CMakeTmp

Run Build Command:"/usr/bin/make" "cmTC_2a44f/fast"
/usr/bin/make -f CMakeFiles/cmTC_2a44f.dir/build.make CMakeFiles/cmTC_2a44f.dir/build
make[1]: 进入目录“/home/qiujian/only_test/ubus/jsonC_build/CMakeFiles/CMakeTmp”
Building C object CMakeFiles/cmTC_2a44f.dir/CheckIncludeFile.c.o
/usr/bin/cc -D_GNU_SOURCE  -fPIE   -o CMakeFiles/cmTC_2a44f.dir/CheckIncludeFile.c.o   -c /home/qiujian/only_test/ubus/jsonC_build/CMakeFiles/CMakeTmp/CheckIncludeFile.c
Linking C executable cmTC_2a44f
/usr/bin/cmake -E cmake_link_script CMakeFiles/cmTC_2a44f.dir/link.txt --verbose=1
/usr/bin/cc      CMakeFiles/cmTC_2a44f.dir/CheckIncludeFile.c.o  -o cmTC_2a44f 
make[1]: 离开目录“/home/qiujian/only_test/ubus/jsonC_build/CMakeFiles/CMakeTmp”


Determining if the include file string.h exists passed with the following output:
Change Dir: /home/qiujian/only_test/ubus/jsonC_build/CMakeFiles/CMakeTmp

Run Build Command:"/usr/bin/make" "cmTC_a3cc0/fast"
/usr/bin/make -f CMakeFiles/cmTC_a3cc0.dir/build.make CMakeFiles/cmTC_a3cc0.dir/build
make[1]: 进入目录“/home/qiujian/only_test/ubus/jsonC_build/CMakeFiles/CMakeTmp”
Building C object CMakeFiles/cmTC_a3cc0.dir/CheckIncludeFile.c.o
/usr/bin/cc -D_GNU_SOURCE  -fPIE   -o CMakeFiles/cmTC_a3cc0.dir/CheckIncludeFile.c.o   -c /home/qiujian/only_test/ubus/jsonC_build/CMakeFiles/CMakeTmp/CheckIncludeFile.c
Linking C executable cmTC_a3cc0
/usr/bin/cmake -E cmake_link_script CMakeFiles/cmTC_a3cc0.dir/link.txt --verbose=1
/usr/bin/cc      CMakeFiles/cmTC_a3cc0.dir/CheckIncludeFile.c.o  -o cmTC_a3cc0 
make[1]: 离开目录“/home/qiujian/only_test/ubus/jsonC_build/CMakeFiles/CMakeTmp”


Determining if the include file syslog.h exists passed with the following output:
Change Dir: /home/qiujian/only_test/ubus/jsonC_build/CMakeFiles/CMakeTmp

Run Build Command:"/usr/bin/make" "cmTC_60d75/fast"
/usr/bin/make -f CMakeFiles/cmTC_60d75.dir/build.make CMakeFiles/cmTC_60d75.dir/build
make[1]: 进入目录“/home/qiujian/only_test/ubus/jsonC_build/CMakeFiles/CMakeTmp”
Building C object CMakeFiles/cmTC_60d75.dir/CheckIncludeFile.c.o
/usr/bin/cc -D_GNU_SOURCE  -fPIE   -o CMakeFiles/cmTC_60d75.dir/CheckIncludeFile.c.o   -c /home/qiujian/only_test/ubus/jsonC_build/CMakeFiles/CMakeTmp/CheckIncludeFile.c
Linking C executable cmTC_60d75
/usr/bin/cmake -E cmake_link_script CMakeFiles/cmTC_60d75.dir/link.txt --verbose=1
/usr/bin/cc      CMakeFiles/cmTC_60d75.dir/CheckIncludeFile.c.o  -o cmTC_60d75 
make[1]: 离开目录“/home/qiujian/only_test/ubus/jsonC_build/CMakeFiles/CMakeTmp”


Determining if files stdlib.h;stdarg.h;string.h;float.h exist passed with the following output:
Change Dir: /home/qiujian/only_test/ubus/jsonC_build/CMakeFiles/CMakeTmp

Run Build Command:"/usr/bin/make" "cmTC_ac60b/fast"
/usr/bin/make -f CMakeFiles/cmTC_ac60b.dir/build.make CMakeFiles/cmTC_ac60b.dir/build
make[1]: 进入目录“/home/qiujian/only_test/ubus/jsonC_build/CMakeFiles/CMakeTmp”
Building C object CMakeFiles/cmTC_ac60b.dir/CheckIncludeFiles.c.o
/usr/bin/cc -D_GNU_SOURCE  -fPIE   -o CMakeFiles/cmTC_ac60b.dir/CheckIncludeFiles.c.o   -c /home/qiujian/only_test/ubus/jsonC_build/CMakeFiles/CMakeTmp/CheckIncludeFiles.c
Linking C executable cmTC_ac60b
/usr/bin/cmake -E cmake_link_script CMakeFiles/cmTC_ac60b.dir/link.txt --verbose=1
/usr/bin/cc      CMakeFiles/cmTC_ac60b.dir/CheckIncludeFiles.c.o  -o cmTC_ac60b 
make[1]: 离开目录“/home/qiujian/only_test/ubus/jsonC_build/CMakeFiles/CMakeTmp”


Determining if the include file unistd.h exists passed with the following output:
Change Dir: /home/qiujian/only_test/ubus/jsonC_build/CMakeFiles/CMakeTmp

Run Build Command:"/usr/bin/make" "cmTC_6dd27/fast"
/usr/bin/make -f CMakeFiles/cmTC_6dd27.dir/build.make CMakeFiles/cmTC_6dd27.dir/build
make[1]: 进入目录“/home/qiujian/only_test/ubus/jsonC_build/CMakeFiles/CMakeTmp”
Building C object CMakeFiles/cmTC_6dd27.dir/CheckIncludeFile.c.o
/usr/bin/cc -D_GNU_SOURCE  -fPIE   -o CMakeFiles/cmTC_6dd27.dir/CheckIncludeFile.c.o   -c /home/qiujian/only_test/ubus/jsonC_build/CMakeFiles/CMakeTmp/CheckIncludeFile.c
Linking C executable cmTC_6dd27
/usr/bin/cmake -E cmake_link_script CMakeFiles/cmTC_6dd27.dir/link.txt --verbose=1
/usr/bin/cc      CMakeFiles/cmTC_6dd27.dir/CheckIncludeFile.c.o  -o cmTC_6dd27 
make[1]: 离开目录“/home/qiujian/only_test/ubus/jsonC_build/CMakeFiles/CMakeTmp”


Determining if the include file sys/types.h exists passed with the following output:
Change Dir: /home/qiujian/only_test/ubus/jsonC_build/CMakeFiles/CMakeTmp

Run Build Command:"/usr/bin/make" "cmTC_40849/fast"
/usr/bin/make -f CMakeFiles/cmTC_40849.dir/build.make CMakeFiles/cmTC_40849.dir/build
make[1]: 进入目录“/home/qiujian/only_test/ubus/jsonC_build/CMakeFiles/CMakeTmp”
Building C object CMakeFiles/cmTC_40849.dir/CheckIncludeFile.c.o
/usr/bin/cc -D_GNU_SOURCE  -fPIE   -o CMakeFiles/cmTC_40849.dir/CheckIncludeFile.c.o   -c /home/qiujian/only_test/ubus/jsonC_build/CMakeFiles/CMakeTmp/CheckIncludeFile.c
Linking C executable cmTC_40849
/usr/bin/cmake -E cmake_link_script CMakeFiles/cmTC_40849.dir/link.txt --verbose=1
/usr/bin/cc      CMakeFiles/cmTC_40849.dir/CheckIncludeFile.c.o  -o cmTC_40849 
make[1]: 离开目录“/home/qiujian/only_test/ubus/jsonC_build/CMakeFiles/CMakeTmp”


Determining if the include file sys/resource.h exists passed with the following output:
Change Dir: /home/qiujian/only_test/ubus/jsonC_build/CMakeFiles/CMakeTmp

Run Build Command:"/usr/bin/make" "cmTC_32eff/fast"
/usr/bin/make -f CMakeFiles/cmTC_32eff.dir/build.make CMakeFiles/cmTC_32eff.dir/build
make[1]: 进入目录“/home/qiujian/only_test/ubus/jsonC_build/CMakeFiles/CMakeTmp”
Building C object CMakeFiles/cmTC_32eff.dir/CheckIncludeFile.c.o
/usr/bin/cc -D_GNU_SOURCE  -fPIE   -o CMakeFiles/cmTC_32eff.dir/CheckIncludeFile.c.o   -c /home/qiujian/only_test/ubus/jsonC_build/CMakeFiles/CMakeTmp/CheckIncludeFile.c
Linking C executable cmTC_32eff
/usr/bin/cmake -E cmake_link_script CMakeFiles/cmTC_32eff.dir/link.txt --verbose=1
/usr/bin/cc      CMakeFiles/cmTC_32eff.dir/CheckIncludeFile.c.o  -o cmTC_32eff 
make[1]: 离开目录“/home/qiujian/only_test/ubus/jsonC_build/CMakeFiles/CMakeTmp”


Determining if the include file dlfcn.h exists passed with the following output:
Change Dir: /home/qiujian/only_test/ubus/jsonC_build/CMakeFiles/CMakeTmp

Run Build Command:"/usr/bin/make" "cmTC_97afe/fast"
/usr/bin/make -f CMakeFiles/cmTC_97afe.dir/build.make CMakeFiles/cmTC_97afe.dir/build
make[1]: 进入目录“/home/qiujian/only_test/ubus/jsonC_build/CMakeFiles/CMakeTmp”
Building C object CMakeFiles/cmTC_97afe.dir/CheckIncludeFile.c.o
/usr/bin/cc -D_GNU_SOURCE  -fPIE   -o CMakeFiles/cmTC_97afe.dir/CheckIncludeFile.c.o   -c /home/qiujian/only_test/ubus/jsonC_build/CMakeFiles/CMakeTmp/CheckIncludeFile.c
Linking C executable cmTC_97afe
/usr/bin/cmake -E cmake_link_script CMakeFiles/cmTC_97afe.dir/link.txt --verbose=1
/usr/bin/cc      CMakeFiles/cmTC_97afe.dir/CheckIncludeFile.c.o  -o cmTC_97afe 
make[1]: 离开目录“/home/qiujian/only_test/ubus/jsonC_build/CMakeFiles/CMakeTmp”


Determining if the include file endian.h exists passed with the following output:
Change Dir: /home/qiujian/only_test/ubus/jsonC_build/CMakeFiles/CMakeTmp

Run Build Command:"/usr/bin/make" "cmTC_98075/fast"
/usr/bin/make -f CMakeFiles/cmTC_98075.dir/build.make CMakeFiles/cmTC_98075.dir/build
make[1]: 进入目录“/home/qiujian/only_test/ubus/jsonC_build/CMakeFiles/CMakeTmp”
Building C object CMakeFiles/cmTC_98075.dir/CheckIncludeFile.c.o
/usr/bin/cc -D_GNU_SOURCE  -fPIE   -o CMakeFiles/cmTC_98075.dir/CheckIncludeFile.c.o   -c /home/qiujian/only_test/ubus/jsonC_build/CMakeFiles/CMakeTmp/CheckIncludeFile.c
Linking C executable cmTC_98075
/usr/bin/cmake -E cmake_link_script CMakeFiles/cmTC_98075.dir/link.txt --verbose=1
/usr/bin/cc      CMakeFiles/cmTC_98075.dir/CheckIncludeFile.c.o  -o cmTC_98075 
make[1]: 离开目录“/home/qiujian/only_test/ubus/jsonC_build/CMakeFiles/CMakeTmp”


Determining if the include file limits.h exists passed with the following output:
Change Dir: /home/qiujian/only_test/ubus/jsonC_build/CMakeFiles/CMakeTmp

Run Build Command:"/usr/bin/make" "cmTC_c6467/fast"
/usr/bin/make -f CMakeFiles/cmTC_c6467.dir/build.make CMakeFiles/cmTC_c6467.dir/build
make[1]: 进入目录“/home/qiujian/only_test/ubus/jsonC_build/CMakeFiles/CMakeTmp”
Building C object CMakeFiles/cmTC_c6467.dir/CheckIncludeFile.c.o
/usr/bin/cc -D_GNU_SOURCE  -fPIE   -o CMakeFiles/cmTC_c6467.dir/CheckIncludeFile.c.o   -c /home/qiujian/only_test/ubus/jsonC_build/CMakeFiles/CMakeTmp/CheckIncludeFile.c
Linking C executable cmTC_c6467
/usr/bin/cmake -E cmake_link_script CMakeFiles/cmTC_c6467.dir/link.txt --verbose=1
/usr/bin/cc      CMakeFiles/cmTC_c6467.dir/CheckIncludeFile.c.o  -o cmTC_c6467 
make[1]: 离开目录“/home/qiujian/only_test/ubus/jsonC_build/CMakeFiles/CMakeTmp”


Determining if the include file locale.h exists passed with the following output:
Change Dir: /home/qiujian/only_test/ubus/jsonC_build/CMakeFiles/CMakeTmp

Run Build Command:"/usr/bin/make" "cmTC_bc1ce/fast"
/usr/bin/make -f CMakeFiles/cmTC_bc1ce.dir/build.make CMakeFiles/cmTC_bc1ce.dir/build
make[1]: 进入目录“/home/qiujian/only_test/ubus/jsonC_build/CMakeFiles/CMakeTmp”
Building C object CMakeFiles/cmTC_bc1ce.dir/CheckIncludeFile.c.o
/usr/bin/cc -D_GNU_SOURCE  -fPIE   -o CMakeFiles/cmTC_bc1ce.dir/CheckIncludeFile.c.o   -c /home/qiujian/only_test/ubus/jsonC_build/CMakeFiles/CMakeTmp/CheckIncludeFile.c
Linking C executable cmTC_bc1ce
/usr/bin/cmake -E cmake_link_script CMakeFiles/cmTC_bc1ce.dir/link.txt --verbose=1
/usr/bin/cc      CMakeFiles/cmTC_bc1ce.dir/CheckIncludeFile.c.o  -o cmTC_bc1ce 
make[1]: 离开目录“/home/qiujian/only_test/ubus/jsonC_build/CMakeFiles/CMakeTmp”


Determining if the include file memory.h exists passed with the following output:
Change Dir: /home/qiujian/only_test/ubus/jsonC_build/CMakeFiles/CMakeTmp

Run Build Command:"/usr/bin/make" "cmTC_67009/fast"
/usr/bin/make -f CMakeFiles/cmTC_67009.dir/build.make CMakeFiles/cmTC_67009.dir/build
make[1]: 进入目录“/home/qiujian/only_test/ubus/jsonC_build/CMakeFiles/CMakeTmp”
Building C object CMakeFiles/cmTC_67009.dir/CheckIncludeFile.c.o
/usr/bin/cc -D_GNU_SOURCE  -fPIE   -o CMakeFiles/cmTC_67009.dir/CheckIncludeFile.c.o   -c /home/qiujian/only_test/ubus/jsonC_build/CMakeFiles/CMakeTmp/CheckIncludeFile.c
Linking C executable cmTC_67009
/usr/bin/cmake -E cmake_link_script CMakeFiles/cmTC_67009.dir/link.txt --verbose=1
/usr/bin/cc      CMakeFiles/cmTC_67009.dir/CheckIncludeFile.c.o  -o cmTC_67009 
make[1]: 离开目录“/home/qiujian/only_test/ubus/jsonC_build/CMakeFiles/CMakeTmp”


Determining if the include file stdint.h exists passed with the following output:
Change Dir: /home/qiujian/only_test/ubus/jsonC_build/CMakeFiles/CMakeTmp

Run Build Command:"/usr/bin/make" "cmTC_cc840/fast"
/usr/bin/make -f CMakeFiles/cmTC_cc840.dir/build.make CMakeFiles/cmTC_cc840.dir/build
make[1]: 进入目录“/home/qiujian/only_test/ubus/jsonC_build/CMakeFiles/CMakeTmp”
Building C object CMakeFiles/cmTC_cc840.dir/CheckIncludeFile.c.o
/usr/bin/cc -D_GNU_SOURCE  -fPIE   -o CMakeFiles/cmTC_cc840.dir/CheckIncludeFile.c.o   -c /home/qiujian/only_test/ubus/jsonC_build/CMakeFiles/CMakeTmp/CheckIncludeFile.c
Linking C executable cmTC_cc840
/usr/bin/cmake -E cmake_link_script CMakeFiles/cmTC_cc840.dir/link.txt --verbose=1
/usr/bin/cc      CMakeFiles/cmTC_cc840.dir/CheckIncludeFile.c.o  -o cmTC_cc840 
make[1]: 离开目录“/home/qiujian/only_test/ubus/jsonC_build/CMakeFiles/CMakeTmp”


Determining if the include file stdlib.h exists passed with the following output:
Change Dir: /home/qiujian/only_test/ubus/jsonC_build/CMakeFiles/CMakeTmp

Run Build Command:"/usr/bin/make" "cmTC_780df/fast"
/usr/bin/make -f CMakeFiles/cmTC_780df.dir/build.make CMakeFiles/cmTC_780df.dir/build
make[1]: 进入目录“/home/qiujian/only_test/ubus/jsonC_build/CMakeFiles/CMakeTmp”
Building C object CMakeFiles/cmTC_780df.dir/CheckIncludeFile.c.o
/usr/bin/cc -D_GNU_SOURCE  -fPIE   -o CMakeFiles/cmTC_780df.dir/CheckIncludeFile.c.o   -c /home/qiujian/only_test/ubus/jsonC_build/CMakeFiles/CMakeTmp/CheckIncludeFile.c
Linking C executable cmTC_780df
/usr/bin/cmake -E cmake_link_script CMakeFiles/cmTC_780df.dir/link.txt --verbose=1
/usr/bin/cc      CMakeFiles/cmTC_780df.dir/CheckIncludeFile.c.o  -o cmTC_780df 
make[1]: 离开目录“/home/qiujian/only_test/ubus/jsonC_build/CMakeFiles/CMakeTmp”


Determining if the include file sys/cdefs.h exists passed with the following output:
Change Dir: /home/qiujian/only_test/ubus/jsonC_build/CMakeFiles/CMakeTmp

Run Build Command:"/usr/bin/make" "cmTC_5583e/fast"
/usr/bin/make -f CMakeFiles/cmTC_5583e.dir/build.make CMakeFiles/cmTC_5583e.dir/build
make[1]: 进入目录“/home/qiujian/only_test/ubus/jsonC_build/CMakeFiles/CMakeTmp”
Building C object CMakeFiles/cmTC_5583e.dir/CheckIncludeFile.c.o
/usr/bin/cc -D_GNU_SOURCE  -fPIE   -o CMakeFiles/cmTC_5583e.dir/CheckIncludeFile.c.o   -c /home/qiujian/only_test/ubus/jsonC_build/CMakeFiles/CMakeTmp/CheckIncludeFile.c
Linking C executable cmTC_5583e
/usr/bin/cmake -E cmake_link_script CMakeFiles/cmTC_5583e.dir/link.txt --verbose=1
/usr/bin/cc      CMakeFiles/cmTC_5583e.dir/CheckIncludeFile.c.o  -o cmTC_5583e 
make[1]: 离开目录“/home/qiujian/only_test/ubus/jsonC_build/CMakeFiles/CMakeTmp”


Determining if the include file sys/param.h exists passed with the following output:
Change Dir: /home/qiujian/only_test/ubus/jsonC_build/CMakeFiles/CMakeTmp

Run Build Command:"/usr/bin/make" "cmTC_b7e26/fast"
/usr/bin/make -f CMakeFiles/cmTC_b7e26.dir/build.make CMakeFiles/cmTC_b7e26.dir/build
make[1]: 进入目录“/home/qiujian/only_test/ubus/jsonC_build/CMakeFiles/CMakeTmp”
Building C object CMakeFiles/cmTC_b7e26.dir/CheckIncludeFile.c.o
/usr/bin/cc -D_GNU_SOURCE  -fPIE   -o CMakeFiles/cmTC_b7e26.dir/CheckIncludeFile.c.o   -c /home/qiujian/only_test/ubus/jsonC_build/CMakeFiles/CMakeTmp/CheckIncludeFile.c
Linking C executable cmTC_b7e26
/usr/bin/cmake -E cmake_link_script CMakeFiles/cmTC_b7e26.dir/link.txt --verbose=1
/usr/bin/cc      CMakeFiles/cmTC_b7e26.dir/CheckIncludeFile.c.o  -o cmTC_b7e26 
make[1]: 离开目录“/home/qiujian/only_test/ubus/jsonC_build/CMakeFiles/CMakeTmp”


Determining if the include file sys/random.h exists passed with the following output:
Change Dir: /home/qiujian/only_test/ubus/jsonC_build/CMakeFiles/CMakeTmp

Run Build Command:"/usr/bin/make" "cmTC_95740/fast"
/usr/bin/make -f CMakeFiles/cmTC_95740.dir/build.make CMakeFiles/cmTC_95740.dir/build
make[1]: 进入目录“/home/qiujian/only_test/ubus/jsonC_build/CMakeFiles/CMakeTmp”
Building C object CMakeFiles/cmTC_95740.dir/CheckIncludeFile.c.o
/usr/bin/cc -D_GNU_SOURCE  -fPIE   -o CMakeFiles/cmTC_95740.dir/CheckIncludeFile.c.o   -c /home/qiujian/only_test/ubus/jsonC_build/CMakeFiles/CMakeTmp/CheckIncludeFile.c
Linking C executable cmTC_95740
/usr/bin/cmake -E cmake_link_script CMakeFiles/cmTC_95740.dir/link.txt --verbose=1
/usr/bin/cc      CMakeFiles/cmTC_95740.dir/CheckIncludeFile.c.o  -o cmTC_95740 
make[1]: 离开目录“/home/qiujian/only_test/ubus/jsonC_build/CMakeFiles/CMakeTmp”


Determining if the include file sys/stat.h exists passed with the following output:
Change Dir: /home/qiujian/only_test/ubus/jsonC_build/CMakeFiles/CMakeTmp

Run Build Command:"/usr/bin/make" "cmTC_b576a/fast"
/usr/bin/make -f CMakeFiles/cmTC_b576a.dir/build.make CMakeFiles/cmTC_b576a.dir/build
make[1]: 进入目录“/home/qiujian/only_test/ubus/jsonC_build/CMakeFiles/CMakeTmp”
Building C object CMakeFiles/cmTC_b576a.dir/CheckIncludeFile.c.o
/usr/bin/cc -D_GNU_SOURCE  -fPIE   -o CMakeFiles/cmTC_b576a.dir/CheckIncludeFile.c.o   -c /home/qiujian/only_test/ubus/jsonC_build/CMakeFiles/CMakeTmp/CheckIncludeFile.c
Linking C executable cmTC_b576a
/usr/bin/cmake -E cmake_link_script CMakeFiles/cmTC_b576a.dir/link.txt --verbose=1
/usr/bin/cc      CMakeFiles/cmTC_b576a.dir/CheckIncludeFile.c.o  -o cmTC_b576a 
make[1]: 离开目录“/home/qiujian/only_test/ubus/jsonC_build/CMakeFiles/CMakeTmp”


Determining if the INFINITY exist passed with the following output:
Change Dir: /home/qiujian/only_test/ubus/jsonC_build/CMakeFiles/CMakeTmp

Run Build Command:"/usr/bin/make" "cmTC_55482/fast"
/usr/bin/make -f CMakeFiles/cmTC_55482.dir/build.make CMakeFiles/cmTC_55482.dir/build
make[1]: 进入目录“/home/qiujian/only_test/ubus/jsonC_build/CMakeFiles/CMakeTmp”
Building C object CMakeFiles/cmTC_55482.dir/CheckSymbolExists.c.o
/usr/bin/cc -D_GNU_SOURCE  -fPIE   -o CMakeFiles/cmTC_55482.dir/CheckSymbolExists.c.o   -c /home/qiujian/only_test/ubus/jsonC_build/CMakeFiles/CMakeTmp/CheckSymbolExists.c
Linking C executable cmTC_55482
/usr/bin/cmake -E cmake_link_script CMakeFiles/cmTC_55482.dir/link.txt --verbose=1
/usr/bin/cc      CMakeFiles/cmTC_55482.dir/CheckSymbolExists.c.o  -o cmTC_55482 -lm 
make[1]: 离开目录“/home/qiujian/only_test/ubus/jsonC_build/CMakeFiles/CMakeTmp”

File /home/qiujian/only_test/ubus/jsonC_build/CMakeFiles/CMakeTmp/CheckSymbolExists.c:
/* */
#include <math.h>

int main(int argc, char** argv)
{
  (void)argv;
#ifndef INFINITY
  return ((int*)(&INFINITY))[argc];
#else
  (void)argc;
  return 0;
#endif
}

Determining if the isinf exist passed with the following output:
Change Dir: /home/qiujian/only_test/ubus/jsonC_build/CMakeFiles/CMakeTmp

Run Build Command:"/usr/bin/make" "cmTC_e092d/fast"
/usr/bin/make -f CMakeFiles/cmTC_e092d.dir/build.make CMakeFiles/cmTC_e092d.dir/build
make[1]: 进入目录“/home/qiujian/only_test/ubus/jsonC_build/CMakeFiles/CMakeTmp”
Building C object CMakeFiles/cmTC_e092d.dir/CheckSymbolExists.c.o
/usr/bin/cc -D_GNU_SOURCE  -fPIE   -o CMakeFiles/cmTC_e092d.dir/CheckSymbolExists.c.o   -c /home/qiujian/only_test/ubus/jsonC_build/CMakeFiles/CMakeTmp/CheckSymbolExists.c
Linking C executable cmTC_e092d
/usr/bin/cmake -E cmake_link_script CMakeFiles/cmTC_e092d.dir/link.txt --verbose=1
/usr/bin/cc      CMakeFiles/cmTC_e092d.dir/CheckSymbolExists.c.o  -o cmTC_e092d -lm 
make[1]: 离开目录“/home/qiujian/only_test/ubus/jsonC_build/CMakeFiles/CMakeTmp”

File /home/qiujian/only_test/ubus/jsonC_build/CMakeFiles/CMakeTmp/CheckSymbolExists.c:
/* */
#include <math.h>

int main(int argc, char** argv)
{
  (void)argv;
#ifndef isinf
  return ((int*)(&isinf))[argc];
#else
  (void)argc;
  return 0;
#endif
}

Determining if the isnan exist passed with the following output:
Change Dir: /home/qiujian/only_test/ubus/jsonC_build/CMakeFiles/CMakeTmp

Run Build Command:"/usr/bin/make" "cmTC_47630/fast"
/usr/bin/make -f CMakeFiles/cmTC_47630.dir/build.make CMakeFiles/cmTC_47630.dir/build
make[1]: 进入目录“/home/qiujian/only_test/ubus/jsonC_build/CMakeFiles/CMakeTmp”
Building C object CMakeFiles/cmTC_47630.dir/CheckSymbolExists.c.o
/usr/bin/cc -D_GNU_SOURCE  -fPIE   -o CMakeFiles/cmTC_47630.dir/CheckSymbolExists.c.o   -c /home/qiujian/only_test/ubus/jsonC_build/CMakeFiles/CMakeTmp/CheckSymbolExists.c
Linking C executable cmTC_47630
/usr/bin/cmake -E cmake_link_script CMakeFiles/cmTC_47630.dir/link.txt --verbose=1
/usr/bin/cc      CMakeFiles/cmTC_47630.dir/CheckSymbolExists.c.o  -o cmTC_47630 -lm 
make[1]: 离开目录“/home/qiujian/only_test/ubus/jsonC_build/CMakeFiles/CMakeTmp”

File /home/qiujian/only_test/ubus/jsonC_build/CMakeFiles/CMakeTmp/CheckSymbolExists.c:
/* */
#include <math.h>

int main(int argc, char** argv)
{
  (void)argv;
#ifndef isnan
  return ((int*)(&isnan))[argc];
#else
  (void)argc;
  return 0;
#endif
}

Determining if the nan exist passed with the following output:
Change Dir: /home/qiujian/only_test/ubus/jsonC_build/CMakeFiles/CMakeTmp

Run Build Command:"/usr/bin/make" "cmTC_0a408/fast"
/usr/bin/make -f CMakeFiles/cmTC_0a408.dir/build.make CMakeFiles/cmTC_0a408.dir/build
make[1]: 进入目录“/home/qiujian/only_test/ubus/jsonC_build/CMakeFiles/CMakeTmp”
Building C object CMakeFiles/cmTC_0a408.dir/CheckSymbolExists.c.o
/usr/bin/cc -D_GNU_SOURCE  -fPIE   -o CMakeFiles/cmTC_0a408.dir/CheckSymbolExists.c.o   -c /home/qiujian/only_test/ubus/jsonC_build/CMakeFiles/CMakeTmp/CheckSymbolExists.c
Linking C executable cmTC_0a408
/usr/bin/cmake -E cmake_link_script CMakeFiles/cmTC_0a408.dir/link.txt --verbose=1
/usr/bin/cc      CMakeFiles/cmTC_0a408.dir/CheckSymbolExists.c.o  -o cmTC_0a408 -lm 
make[1]: 离开目录“/home/qiujian/only_test/ubus/jsonC_build/CMakeFiles/CMakeTmp”

File /home/qiujian/only_test/ubus/jsonC_build/CMakeFiles/CMakeTmp/CheckSymbolExists.c:
/* */
#include <math.h>

int main(int argc, char** argv)
{
  (void)argv;
#ifndef nan
  return ((int*)(&nan))[argc];
#else
  (void)argc;
  return 0;
#endif
}

Determining if the snprintf exist passed with the following output:
Change Dir: /home/qiujian/only_test/ubus/jsonC_build/CMakeFiles/CMakeTmp

Run Build Command:"/usr/bin/make" "cmTC_8f45a/fast"
/usr/bin/make -f CMakeFiles/cmTC_8f45a.dir/build.make CMakeFiles/cmTC_8f45a.dir/build
make[1]: 进入目录“/home/qiujian/only_test/ubus/jsonC_build/CMakeFiles/CMakeTmp”
Building C object CMakeFiles/cmTC_8f45a.dir/CheckSymbolExists.c.o
/usr/bin/cc -D_GNU_SOURCE  -fPIE   -o CMakeFiles/cmTC_8f45a.dir/CheckSymbolExists.c.o   -c /home/qiujian/only_test/ubus/jsonC_build/CMakeFiles/CMakeTmp/CheckSymbolExists.c
Linking C executable cmTC_8f45a
/usr/bin/cmake -E cmake_link_script CMakeFiles/cmTC_8f45a.dir/link.txt --verbose=1
/usr/bin/cc      CMakeFiles/cmTC_8f45a.dir/CheckSymbolExists.c.o  -o cmTC_8f45a -lm 
make[1]: 离开目录“/home/qiujian/only_test/ubus/jsonC_build/CMakeFiles/CMakeTmp”

File /home/qiujian/only_test/ubus/jsonC_build/CMakeFiles/CMakeTmp/CheckSymbolExists.c:
/* */
#include <stdio.h>

int main(int argc, char** argv)
{
  (void)argv;
#ifndef snprintf
  return ((int*)(&snprintf))[argc];
#else
  (void)argc;
  return 0;
#endif
}

Determining if the vasprintf exist passed with the following output:
Change Dir: /home/qiujian/only_test/ubus/jsonC_build/CMakeFiles/CMakeTmp

Run Build Command:"/usr/bin/make" "cmTC_b46a9/fast"
/usr/bin/make -f CMakeFiles/cmTC_b46a9.dir/build.make CMakeFiles/cmTC_b46a9.dir/build
make[1]: 进入目录“/home/qiujian/only_test/ubus/jsonC_build/CMakeFiles/CMakeTmp”
Building C object CMakeFiles/cmTC_b46a9.dir/CheckSymbolExists.c.o
/usr/bin/cc -D_GNU_SOURCE  -fPIE   -o CMakeFiles/cmTC_b46a9.dir/CheckSymbolExists.c.o   -c /home/qiujian/only_test/ubus/jsonC_build/CMakeFiles/CMakeTmp/CheckSymbolExists.c
Linking C executable cmTC_b46a9
/usr/bin/cmake -E cmake_link_script CMakeFiles/cmTC_b46a9.dir/link.txt --verbose=1
/usr/bin/cc      CMakeFiles/cmTC_b46a9.dir/CheckSymbolExists.c.o  -o cmTC_b46a9 -lm 
make[1]: 离开目录“/home/qiujian/only_test/ubus/jsonC_build/CMakeFiles/CMakeTmp”

File /home/qiujian/only_test/ubus/jsonC_build/CMakeFiles/CMakeTmp/CheckSymbolExists.c:
/* */
#include <stdio.h>

int main(int argc, char** argv)
{
  (void)argv;
#ifndef vasprintf
  return ((int*)(&vasprintf))[argc];
#else
  (void)argc;
  return 0;
#endif
}

Determining if the vsnprintf exist passed with the following output:
Change Dir: /home/qiujian/only_test/ubus/jsonC_build/CMakeFiles/CMakeTmp

Run Build Command:"/usr/bin/make" "cmTC_24e27/fast"
/usr/bin/make -f CMakeFiles/cmTC_24e27.dir/build.make CMakeFiles/cmTC_24e27.dir/build
make[1]: 进入目录“/home/qiujian/only_test/ubus/jsonC_build/CMakeFiles/CMakeTmp”
Building C object CMakeFiles/cmTC_24e27.dir/CheckSymbolExists.c.o
/usr/bin/cc -D_GNU_SOURCE  -fPIE   -o CMakeFiles/cmTC_24e27.dir/CheckSymbolExists.c.o   -c /home/qiujian/only_test/ubus/jsonC_build/CMakeFiles/CMakeTmp/CheckSymbolExists.c
Linking C executable cmTC_24e27
/usr/bin/cmake -E cmake_link_script CMakeFiles/cmTC_24e27.dir/link.txt --verbose=1
/usr/bin/cc      CMakeFiles/cmTC_24e27.dir/CheckSymbolExists.c.o  -o cmTC_24e27 -lm 
make[1]: 离开目录“/home/qiujian/only_test/ubus/jsonC_build/CMakeFiles/CMakeTmp”

File /home/qiujian/only_test/ubus/jsonC_build/CMakeFiles/CMakeTmp/CheckSymbolExists.c:
/* */
#include <stdio.h>

int main(int argc, char** argv)
{
  (void)argv;
#ifndef vsnprintf
  return ((int*)(&vsnprintf))[argc];
#else
  (void)argc;
  return 0;
#endif
}

Determining if the vprintf exist passed with the following output:
Change Dir: /home/qiujian/only_test/ubus/jsonC_build/CMakeFiles/CMakeTmp

Run Build Command:"/usr/bin/make" "cmTC_b796d/fast"
/usr/bin/make -f CMakeFiles/cmTC_b796d.dir/build.make CMakeFiles/cmTC_b796d.dir/build
make[1]: 进入目录“/home/qiujian/only_test/ubus/jsonC_build/CMakeFiles/CMakeTmp”
Building C object CMakeFiles/cmTC_b796d.dir/CheckSymbolExists.c.o
/usr/bin/cc -D_GNU_SOURCE  -fPIE   -o CMakeFiles/cmTC_b796d.dir/CheckSymbolExists.c.o   -c /home/qiujian/only_test/ubus/jsonC_build/CMakeFiles/CMakeTmp/CheckSymbolExists.c
Linking C executable cmTC_b796d
/usr/bin/cmake -E cmake_link_script CMakeFiles/cmTC_b796d.dir/link.txt --verbose=1
/usr/bin/cc      CMakeFiles/cmTC_b796d.dir/CheckSymbolExists.c.o  -o cmTC_b796d -lm 
make[1]: 离开目录“/home/qiujian/only_test/ubus/jsonC_build/CMakeFiles/CMakeTmp”

File /home/qiujian/only_test/ubus/jsonC_build/CMakeFiles/CMakeTmp/CheckSymbolExists.c:
/* */
#include <stdio.h>

int main(int argc, char** argv)
{
  (void)argv;
#ifndef vprintf
  return ((int*)(&vprintf))[argc];
#else
  (void)argc;
  return 0;
#endif
}

Determining if the open exist passed with the following output:
Change Dir: /home/qiujian/only_test/ubus/jsonC_build/CMakeFiles/CMakeTmp

Run Build Command:"/usr/bin/make" "cmTC_9f2c9/fast"
/usr/bin/make -f CMakeFiles/cmTC_9f2c9.dir/build.make CMakeFiles/cmTC_9f2c9.dir/build
make[1]: 进入目录“/home/qiujian/only_test/ubus/jsonC_build/CMakeFiles/CMakeTmp”
Building C object CMakeFiles/cmTC_9f2c9.dir/CheckSymbolExists.c.o
/usr/bin/cc -D_GNU_SOURCE  -fPIE   -o CMakeFiles/cmTC_9f2c9.dir/CheckSymbolExists.c.o   -c /home/qiujian/only_test/ubus/jsonC_build/CMakeFiles/CMakeTmp/CheckSymbolExists.c
Linking C executable cmTC_9f2c9
/usr/bin/cmake -E cmake_link_script CMakeFiles/cmTC_9f2c9.dir/link.txt --verbose=1
/usr/bin/cc      CMakeFiles/cmTC_9f2c9.dir/CheckSymbolExists.c.o  -o cmTC_9f2c9 -lm 
make[1]: 离开目录“/home/qiujian/only_test/ubus/jsonC_build/CMakeFiles/CMakeTmp”

File /home/qiujian/only_test/ubus/jsonC_build/CMakeFiles/CMakeTmp/CheckSymbolExists.c:
/* */
#include <fcntl.h>

int main(int argc, char** argv)
{
  (void)argv;
#ifndef open
  return ((int*)(&open))[argc];
#else
  (void)argc;
  return 0;
#endif
}

Determining if the realloc exist passed with the following output:
Change Dir: /home/qiujian/only_test/ubus/jsonC_build/CMakeFiles/CMakeTmp

Run Build Command:"/usr/bin/make" "cmTC_5ef31/fast"
/usr/bin/make -f CMakeFiles/cmTC_5ef31.dir/build.make CMakeFiles/cmTC_5ef31.dir/build
make[1]: 进入目录“/home/qiujian/only_test/ubus/jsonC_build/CMakeFiles/CMakeTmp”
Building C object CMakeFiles/cmTC_5ef31.dir/CheckSymbolExists.c.o
/usr/bin/cc -D_GNU_SOURCE  -fPIE   -o CMakeFiles/cmTC_5ef31.dir/CheckSymbolExists.c.o   -c /home/qiujian/only_test/ubus/jsonC_build/CMakeFiles/CMakeTmp/CheckSymbolExists.c
Linking C executable cmTC_5ef31
/usr/bin/cmake -E cmake_link_script CMakeFiles/cmTC_5ef31.dir/link.txt --verbose=1
/usr/bin/cc      CMakeFiles/cmTC_5ef31.dir/CheckSymbolExists.c.o  -o cmTC_5ef31 -lm 
make[1]: 离开目录“/home/qiujian/only_test/ubus/jsonC_build/CMakeFiles/CMakeTmp”

File /home/qiujian/only_test/ubus/jsonC_build/CMakeFiles/CMakeTmp/CheckSymbolExists.c:
/* */
#include <stdlib.h>

int main(int argc, char** argv)
{
  (void)argv;
#ifndef realloc
  return ((int*)(&realloc))[argc];
#else
  (void)argc;
  return 0;
#endif
}

Determining if the setlocale exist passed with the following output:
Change Dir: /home/qiujian/only_test/ubus/jsonC_build/CMakeFiles/CMakeTmp

Run Build Command:"/usr/bin/make" "cmTC_d9bca/fast"
/usr/bin/make -f CMakeFiles/cmTC_d9bca.dir/build.make CMakeFiles/cmTC_d9bca.dir/build
make[1]: 进入目录“/home/qiujian/only_test/ubus/jsonC_build/CMakeFiles/CMakeTmp”
Building C object CMakeFiles/cmTC_d9bca.dir/CheckSymbolExists.c.o
/usr/bin/cc -D_GNU_SOURCE  -fPIE   -o CMakeFiles/cmTC_d9bca.dir/CheckSymbolExists.c.o   -c /home/qiujian/only_test/ubus/jsonC_build/CMakeFiles/CMakeTmp/CheckSymbolExists.c
Linking C executable cmTC_d9bca
/usr/bin/cmake -E cmake_link_script CMakeFiles/cmTC_d9bca.dir/link.txt --verbose=1
/usr/bin/cc      CMakeFiles/cmTC_d9bca.dir/CheckSymbolExists.c.o  -o cmTC_d9bca -lm 
make[1]: 离开目录“/home/qiujian/only_test/ubus/jsonC_build/CMakeFiles/CMakeTmp”

File /home/qiujian/only_test/ubus/jsonC_build/CMakeFiles/CMakeTmp/CheckSymbolExists.c:
/* */
#include <locale.h>

int main(int argc, char** argv)
{
  (void)argv;
#ifndef setlocale
  return ((int*)(&setlocale))[argc];
#else
  (void)argc;
  return 0;
#endif
}

Determining if the uselocale exist passed with the following output:
Change Dir: /home/qiujian/only_test/ubus/jsonC_build/CMakeFiles/CMakeTmp

Run Build Command:"/usr/bin/make" "cmTC_52b34/fast"
/usr/bin/make -f CMakeFiles/cmTC_52b34.dir/build.make CMakeFiles/cmTC_52b34.dir/build
make[1]: 进入目录“/home/qiujian/only_test/ubus/jsonC_build/CMakeFiles/CMakeTmp”
Building C object CMakeFiles/cmTC_52b34.dir/CheckSymbolExists.c.o
/usr/bin/cc -D_GNU_SOURCE  -fPIE   -o CMakeFiles/cmTC_52b34.dir/CheckSymbolExists.c.o   -c /home/qiujian/only_test/ubus/jsonC_build/CMakeFiles/CMakeTmp/CheckSymbolExists.c
Linking C executable cmTC_52b34
/usr/bin/cmake -E cmake_link_script CMakeFiles/cmTC_52b34.dir/link.txt --verbose=1
/usr/bin/cc      CMakeFiles/cmTC_52b34.dir/CheckSymbolExists.c.o  -o cmTC_52b34 -lm 
make[1]: 离开目录“/home/qiujian/only_test/ubus/jsonC_build/CMakeFiles/CMakeTmp”

File /home/qiujian/only_test/ubus/jsonC_build/CMakeFiles/CMakeTmp/CheckSymbolExists.c:
/* */
#include <locale.h>

int main(int argc, char** argv)
{
  (void)argv;
#ifndef uselocale
  return ((int*)(&uselocale))[argc];
#else
  (void)argc;
  return 0;
#endif
}

Determining if the strcasecmp exist passed with the following output:
Change Dir: /home/qiujian/only_test/ubus/jsonC_build/CMakeFiles/CMakeTmp

Run Build Command:"/usr/bin/make" "cmTC_5e3ba/fast"
/usr/bin/make -f CMakeFiles/cmTC_5e3ba.dir/build.make CMakeFiles/cmTC_5e3ba.dir/build
make[1]: 进入目录“/home/qiujian/only_test/ubus/jsonC_build/CMakeFiles/CMakeTmp”
Building C object CMakeFiles/cmTC_5e3ba.dir/CheckSymbolExists.c.o
/usr/bin/cc -D_GNU_SOURCE  -fPIE   -o CMakeFiles/cmTC_5e3ba.dir/CheckSymbolExists.c.o   -c /home/qiujian/only_test/ubus/jsonC_build/CMakeFiles/CMakeTmp/CheckSymbolExists.c
Linking C executable cmTC_5e3ba
/usr/bin/cmake -E cmake_link_script CMakeFiles/cmTC_5e3ba.dir/link.txt --verbose=1
/usr/bin/cc      CMakeFiles/cmTC_5e3ba.dir/CheckSymbolExists.c.o  -o cmTC_5e3ba -lm 
make[1]: 离开目录“/home/qiujian/only_test/ubus/jsonC_build/CMakeFiles/CMakeTmp”

File /home/qiujian/only_test/ubus/jsonC_build/CMakeFiles/CMakeTmp/CheckSymbolExists.c:
/* */
#include <strings.h>

int main(int argc, char** argv)
{
  (void)argv;
#ifndef strcasecmp
  return ((int*)(&strcasecmp))[argc];
#else
  (void)argc;
  return 0;
#endif
}

Determining if the strncasecmp exist passed with the following output:
Change Dir: /home/qiujian/only_test/ubus/jsonC_build/CMakeFiles/CMakeTmp

Run Build Command:"/usr/bin/make" "cmTC_4da20/fast"
/usr/bin/make -f CMakeFiles/cmTC_4da20.dir/build.make CMakeFiles/cmTC_4da20.dir/build
make[1]: 进入目录“/home/qiujian/only_test/ubus/jsonC_build/CMakeFiles/CMakeTmp”
Building C object CMakeFiles/cmTC_4da20.dir/CheckSymbolExists.c.o
/usr/bin/cc -D_GNU_SOURCE  -fPIE   -o CMakeFiles/cmTC_4da20.dir/CheckSymbolExists.c.o   -c /home/qiujian/only_test/ubus/jsonC_build/CMakeFiles/CMakeTmp/CheckSymbolExists.c
Linking C executable cmTC_4da20
/usr/bin/cmake -E cmake_link_script CMakeFiles/cmTC_4da20.dir/link.txt --verbose=1
/usr/bin/cc      CMakeFiles/cmTC_4da20.dir/CheckSymbolExists.c.o  -o cmTC_4da20 -lm 
make[1]: 离开目录“/home/qiujian/only_test/ubus/jsonC_build/CMakeFiles/CMakeTmp”

File /home/qiujian/only_test/ubus/jsonC_build/CMakeFiles/CMakeTmp/CheckSymbolExists.c:
/* */
#include <strings.h>

int main(int argc, char** argv)
{
  (void)argv;
#ifndef strncasecmp
  return ((int*)(&strncasecmp))[argc];
#else
  (void)argc;
  return 0;
#endif
}

Determining if the strdup exist passed with the following output:
Change Dir: /home/qiujian/only_test/ubus/jsonC_build/CMakeFiles/CMakeTmp

Run Build Command:"/usr/bin/make" "cmTC_f8907/fast"
/usr/bin/make -f CMakeFiles/cmTC_f8907.dir/build.make CMakeFiles/cmTC_f8907.dir/build
make[1]: 进入目录“/home/qiujian/only_test/ubus/jsonC_build/CMakeFiles/CMakeTmp”
Building C object CMakeFiles/cmTC_f8907.dir/CheckSymbolExists.c.o
/usr/bin/cc -D_GNU_SOURCE  -fPIE   -o CMakeFiles/cmTC_f8907.dir/CheckSymbolExists.c.o   -c /home/qiujian/only_test/ubus/jsonC_build/CMakeFiles/CMakeTmp/CheckSymbolExists.c
Linking C executable cmTC_f8907
/usr/bin/cmake -E cmake_link_script CMakeFiles/cmTC_f8907.dir/link.txt --verbose=1
/usr/bin/cc      CMakeFiles/cmTC_f8907.dir/CheckSymbolExists.c.o  -o cmTC_f8907 -lm 
make[1]: 离开目录“/home/qiujian/only_test/ubus/jsonC_build/CMakeFiles/CMakeTmp”

File /home/qiujian/only_test/ubus/jsonC_build/CMakeFiles/CMakeTmp/CheckSymbolExists.c:
/* */
#include <string.h>

int main(int argc, char** argv)
{
  (void)argv;
#ifndef strdup
  return ((int*)(&strdup))[argc];
#else
  (void)argc;
  return 0;
#endif
}

Determining if the strerror exist passed with the following output:
Change Dir: /home/qiujian/only_test/ubus/jsonC_build/CMakeFiles/CMakeTmp

Run Build Command:"/usr/bin/make" "cmTC_ad36c/fast"
/usr/bin/make -f CMakeFiles/cmTC_ad36c.dir/build.make CMakeFiles/cmTC_ad36c.dir/build
make[1]: 进入目录“/home/qiujian/only_test/ubus/jsonC_build/CMakeFiles/CMakeTmp”
Building C object CMakeFiles/cmTC_ad36c.dir/CheckSymbolExists.c.o
/usr/bin/cc -D_GNU_SOURCE  -fPIE   -o CMakeFiles/cmTC_ad36c.dir/CheckSymbolExists.c.o   -c /home/qiujian/only_test/ubus/jsonC_build/CMakeFiles/CMakeTmp/CheckSymbolExists.c
Linking C executable cmTC_ad36c
/usr/bin/cmake -E cmake_link_script CMakeFiles/cmTC_ad36c.dir/link.txt --verbose=1
/usr/bin/cc      CMakeFiles/cmTC_ad36c.dir/CheckSymbolExists.c.o  -o cmTC_ad36c -lm 
make[1]: 离开目录“/home/qiujian/only_test/ubus/jsonC_build/CMakeFiles/CMakeTmp”

File /home/qiujian/only_test/ubus/jsonC_build/CMakeFiles/CMakeTmp/CheckSymbolExists.c:
/* */
#include <string.h>

int main(int argc, char** argv)
{
  (void)argv;
#ifndef strerror
  return ((int*)(&strerror))[argc];
#else
  (void)argc;
  return 0;
#endif
}

Determining if the vsyslog exist passed with the following output:
Change Dir: /home/qiujian/only_test/ubus/jsonC_build/CMakeFiles/CMakeTmp

Run Build Command:"/usr/bin/make" "cmTC_0e0f9/fast"
/usr/bin/make -f CMakeFiles/cmTC_0e0f9.dir/build.make CMakeFiles/cmTC_0e0f9.dir/build
make[1]: 进入目录“/home/qiujian/only_test/ubus/jsonC_build/CMakeFiles/CMakeTmp”
Building C object CMakeFiles/cmTC_0e0f9.dir/CheckSymbolExists.c.o
/usr/bin/cc -D_GNU_SOURCE  -fPIE   -o CMakeFiles/cmTC_0e0f9.dir/CheckSymbolExists.c.o   -c /home/qiujian/only_test/ubus/jsonC_build/CMakeFiles/CMakeTmp/CheckSymbolExists.c
Linking C executable cmTC_0e0f9
/usr/bin/cmake -E cmake_link_script CMakeFiles/cmTC_0e0f9.dir/link.txt --verbose=1
/usr/bin/cc      CMakeFiles/cmTC_0e0f9.dir/CheckSymbolExists.c.o  -o cmTC_0e0f9 -lm 
make[1]: 离开目录“/home/qiujian/only_test/ubus/jsonC_build/CMakeFiles/CMakeTmp”

File /home/qiujian/only_test/ubus/jsonC_build/CMakeFiles/CMakeTmp/CheckSymbolExists.c:
/* */
#include <syslog.h>

int main(int argc, char** argv)
{
  (void)argv;
#ifndef vsyslog
  return ((int*)(&vsyslog))[argc];
#else
  (void)argc;
  return 0;
#endif
}

Determining if the getrandom exist passed with the following output:
Change Dir: /home/qiujian/only_test/ubus/jsonC_build/CMakeFiles/CMakeTmp

Run Build Command:"/usr/bin/make" "cmTC_9a007/fast"
/usr/bin/make -f CMakeFiles/cmTC_9a007.dir/build.make CMakeFiles/cmTC_9a007.dir/build
make[1]: 进入目录“/home/qiujian/only_test/ubus/jsonC_build/CMakeFiles/CMakeTmp”
Building C object CMakeFiles/cmTC_9a007.dir/CheckSymbolExists.c.o
/usr/bin/cc -D_GNU_SOURCE  -fPIE   -o CMakeFiles/cmTC_9a007.dir/CheckSymbolExists.c.o   -c /home/qiujian/only_test/ubus/jsonC_build/CMakeFiles/CMakeTmp/CheckSymbolExists.c
Linking C executable cmTC_9a007
/usr/bin/cmake -E cmake_link_script CMakeFiles/cmTC_9a007.dir/link.txt --verbose=1
/usr/bin/cc      CMakeFiles/cmTC_9a007.dir/CheckSymbolExists.c.o  -o cmTC_9a007 -lm 
make[1]: 离开目录“/home/qiujian/only_test/ubus/jsonC_build/CMakeFiles/CMakeTmp”

File /home/qiujian/only_test/ubus/jsonC_build/CMakeFiles/CMakeTmp/CheckSymbolExists.c:
/* */
#include <sys/random.h>

int main(int argc, char** argv)
{
  (void)argv;
#ifndef getrandom
  return ((int*)(&getrandom))[argc];
#else
  (void)argc;
  return 0;
#endif
}

Determining if the getrusage exist passed with the following output:
Change Dir: /home/qiujian/only_test/ubus/jsonC_build/CMakeFiles/CMakeTmp

Run Build Command:"/usr/bin/make" "cmTC_94a3d/fast"
/usr/bin/make -f CMakeFiles/cmTC_94a3d.dir/build.make CMakeFiles/cmTC_94a3d.dir/build
make[1]: 进入目录“/home/qiujian/only_test/ubus/jsonC_build/CMakeFiles/CMakeTmp”
Building C object CMakeFiles/cmTC_94a3d.dir/CheckSymbolExists.c.o
/usr/bin/cc -D_GNU_SOURCE  -fPIE   -o CMakeFiles/cmTC_94a3d.dir/CheckSymbolExists.c.o   -c /home/qiujian/only_test/ubus/jsonC_build/CMakeFiles/CMakeTmp/CheckSymbolExists.c
Linking C executable cmTC_94a3d
/usr/bin/cmake -E cmake_link_script CMakeFiles/cmTC_94a3d.dir/link.txt --verbose=1
/usr/bin/cc      CMakeFiles/cmTC_94a3d.dir/CheckSymbolExists.c.o  -o cmTC_94a3d -lm 
make[1]: 离开目录“/home/qiujian/only_test/ubus/jsonC_build/CMakeFiles/CMakeTmp”

File /home/qiujian/only_test/ubus/jsonC_build/CMakeFiles/CMakeTmp/CheckSymbolExists.c:
/* */
#include <sys/resource.h>

int main(int argc, char** argv)
{
  (void)argv;
#ifndef getrusage
  return ((int*)(&getrusage))[argc];
#else
  (void)argc;
  return 0;
#endif
}

Determining if the strtoll exist passed with the following output:
Change Dir: /home/qiujian/only_test/ubus/jsonC_build/CMakeFiles/CMakeTmp

Run Build Command:"/usr/bin/make" "cmTC_cb729/fast"
/usr/bin/make -f CMakeFiles/cmTC_cb729.dir/build.make CMakeFiles/cmTC_cb729.dir/build
make[1]: 进入目录“/home/qiujian/only_test/ubus/jsonC_build/CMakeFiles/CMakeTmp”
Building C object CMakeFiles/cmTC_cb729.dir/CheckSymbolExists.c.o
/usr/bin/cc -D_GNU_SOURCE  -fPIE   -o CMakeFiles/cmTC_cb729.dir/CheckSymbolExists.c.o   -c /home/qiujian/only_test/ubus/jsonC_build/CMakeFiles/CMakeTmp/CheckSymbolExists.c
Linking C executable cmTC_cb729
/usr/bin/cmake -E cmake_link_script CMakeFiles/cmTC_cb729.dir/link.txt --verbose=1
/usr/bin/cc      CMakeFiles/cmTC_cb729.dir/CheckSymbolExists.c.o  -o cmTC_cb729 -lm 
make[1]: 离开目录“/home/qiujian/only_test/ubus/jsonC_build/CMakeFiles/CMakeTmp”

File /home/qiujian/only_test/ubus/jsonC_build/CMakeFiles/CMakeTmp/CheckSymbolExists.c:
/* */
#include <stdlib.h>

int main(int argc, char** argv)
{
  (void)argv;
#ifndef strtoll
  return ((int*)(&strtoll))[argc];
#else
  (void)argc;
  return 0;
#endif
}

Determining if the strtoull exist passed with the following output:
Change Dir: /home/qiujian/only_test/ubus/jsonC_build/CMakeFiles/CMakeTmp

Run Build Command:"/usr/bin/make" "cmTC_720ec/fast"
/usr/bin/make -f CMakeFiles/cmTC_720ec.dir/build.make CMakeFiles/cmTC_720ec.dir/build
make[1]: 进入目录“/home/qiujian/only_test/ubus/jsonC_build/CMakeFiles/CMakeTmp”
Building C object CMakeFiles/cmTC_720ec.dir/CheckSymbolExists.c.o
/usr/bin/cc -D_GNU_SOURCE  -fPIE   -o CMakeFiles/cmTC_720ec.dir/CheckSymbolExists.c.o   -c /home/qiujian/only_test/ubus/jsonC_build/CMakeFiles/CMakeTmp/CheckSymbolExists.c
Linking C executable cmTC_720ec
/usr/bin/cmake -E cmake_link_script CMakeFiles/cmTC_720ec.dir/link.txt --verbose=1
/usr/bin/cc      CMakeFiles/cmTC_720ec.dir/CheckSymbolExists.c.o  -o cmTC_720ec -lm 
make[1]: 离开目录“/home/qiujian/only_test/ubus/jsonC_build/CMakeFiles/CMakeTmp”

File /home/qiujian/only_test/ubus/jsonC_build/CMakeFiles/CMakeTmp/CheckSymbolExists.c:
/* */
#include <stdlib.h>

int main(int argc, char** argv)
{
  (void)argv;
#ifndef strtoull
  return ((int*)(&strtoull))[argc];
#else
  (void)argc;
  return 0;
#endif
}

Determining if the include file stddef.h exists passed with the following output:
Change Dir: /home/qiujian/only_test/ubus/jsonC_build/CMakeFiles/CMakeTmp

Run Build Command:"/usr/bin/make" "cmTC_94e30/fast"
/usr/bin/make -f CMakeFiles/cmTC_94e30.dir/build.make CMakeFiles/cmTC_94e30.dir/build
make[1]: 进入目录“/home/qiujian/only_test/ubus/jsonC_build/CMakeFiles/CMakeTmp”
Building C object CMakeFiles/cmTC_94e30.dir/CheckIncludeFile.c.o
/usr/bin/cc -D_GNU_SOURCE  -fPIE   -o CMakeFiles/cmTC_94e30.dir/CheckIncludeFile.c.o   -c /home/qiujian/only_test/ubus/jsonC_build/CMakeFiles/CMakeTmp/CheckIncludeFile.c
Linking C executable cmTC_94e30
/usr/bin/cmake -E cmake_link_script CMakeFiles/cmTC_94e30.dir/link.txt --verbose=1
/usr/bin/cc      CMakeFiles/cmTC_94e30.dir/CheckIncludeFile.c.o  -o cmTC_94e30 
make[1]: 离开目录“/home/qiujian/only_test/ubus/jsonC_build/CMakeFiles/CMakeTmp”


Determining size of int passed with the following output:
Change Dir: /home/qiujian/only_test/ubus/jsonC_build/CMakeFiles/CMakeTmp

Run Build Command:"/usr/bin/make" "cmTC_9419a/fast"
/usr/bin/make -f CMakeFiles/cmTC_9419a.dir/build.make CMakeFiles/cmTC_9419a.dir/build
make[1]: 进入目录“/home/qiujian/only_test/ubus/jsonC_build/CMakeFiles/CMakeTmp”
Building C object CMakeFiles/cmTC_9419a.dir/SIZEOF_INT.c.o
/usr/bin/cc -D_GNU_SOURCE  -fPIE   -o CMakeFiles/cmTC_9419a.dir/SIZEOF_INT.c.o   -c /home/qiujian/only_test/ubus/jsonC_build/CMakeFiles/CheckTypeSize/SIZEOF_INT.c
Linking C executable cmTC_9419a
/usr/bin/cmake -E cmake_link_script CMakeFiles/cmTC_9419a.dir/link.txt --verbose=1
/usr/bin/cc      CMakeFiles/cmTC_9419a.dir/SIZEOF_INT.c.o  -o cmTC_9419a -lm 
make[1]: 离开目录“/home/qiujian/only_test/ubus/jsonC_build/CMakeFiles/CMakeTmp”


Determining size of int64_t passed with the following output:
Change Dir: /home/qiujian/only_test/ubus/jsonC_build/CMakeFiles/CMakeTmp

Run Build Command:"/usr/bin/make" "cmTC_0d461/fast"
/usr/bin/make -f CMakeFiles/cmTC_0d461.dir/build.make CMakeFiles/cmTC_0d461.dir/build
make[1]: 进入目录“/home/qiujian/only_test/ubus/jsonC_build/CMakeFiles/CMakeTmp”
Building C object CMakeFiles/cmTC_0d461.dir/SIZEOF_INT64_T.c.o
/usr/bin/cc -D_GNU_SOURCE  -fPIE   -o CMakeFiles/cmTC_0d461.dir/SIZEOF_INT64_T.c.o   -c /home/qiujian/only_test/ubus/jsonC_build/CMakeFiles/CheckTypeSize/SIZEOF_INT64_T.c
Linking C executable cmTC_0d461
/usr/bin/cmake -E cmake_link_script CMakeFiles/cmTC_0d461.dir/link.txt --verbose=1
/usr/bin/cc      CMakeFiles/cmTC_0d461.dir/SIZEOF_INT64_T.c.o  -o cmTC_0d461 -lm 
make[1]: 离开目录“/home/qiujian/only_test/ubus/jsonC_build/CMakeFiles/CMakeTmp”


Determining size of long passed with the following output:
Change Dir: /home/qiujian/only_test/ubus/jsonC_build/CMakeFiles/CMakeTmp

Run Build Command:"/usr/bin/make" "cmTC_630e7/fast"
/usr/bin/make -f CMakeFiles/cmTC_630e7.dir/build.make CMakeFiles/cmTC_630e7.dir/build
make[1]: 进入目录“/home/qiujian/only_test/ubus/jsonC_build/CMakeFiles/CMakeTmp”
Building C object CMakeFiles/cmTC_630e7.dir/SIZEOF_LONG.c.o
/usr/bin/cc -D_GNU_SOURCE  -fPIE   -o CMakeFiles/cmTC_630e7.dir/SIZEOF_LONG.c.o   -c /home/qiujian/only_test/ubus/jsonC_build/CMakeFiles/CheckTypeSize/SIZEOF_LONG.c
Linking C executable cmTC_630e7
/usr/bin/cmake -E cmake_link_script CMakeFiles/cmTC_630e7.dir/link.txt --verbose=1
/usr/bin/cc      CMakeFiles/cmTC_630e7.dir/SIZEOF_LONG.c.o  -o cmTC_630e7 -lm 
make[1]: 离开目录“/home/qiujian/only_test/ubus/jsonC_build/CMakeFiles/CMakeTmp”


Determining size of long long passed with the following output:
Change Dir: /home/qiujian/only_test/ubus/jsonC_build/CMakeFiles/CMakeTmp

Run Build Command:"/usr/bin/make" "cmTC_8a608/fast"
/usr/bin/make -f CMakeFiles/cmTC_8a608.dir/build.make CMakeFiles/cmTC_8a608.dir/build
make[1]: 进入目录“/home/qiujian/only_test/ubus/jsonC_build/CMakeFiles/CMakeTmp”
Building C object CMakeFiles/cmTC_8a608.dir/SIZEOF_LONG_LONG.c.o
/usr/bin/cc -D_GNU_SOURCE  -fPIE   -o CMakeFiles/cmTC_8a608.dir/SIZEOF_LONG_LONG.c.o   -c /home/qiujian/only_test/ubus/jsonC_build/CMakeFiles/CheckTypeSize/SIZEOF_LONG_LONG.c
Linking C executable cmTC_8a608
/usr/bin/cmake -E cmake_link_script CMakeFiles/cmTC_8a608.dir/link.txt --verbose=1
/usr/bin/cc      CMakeFiles/cmTC_8a608.dir/SIZEOF_LONG_LONG.c.o  -o cmTC_8a608 -lm 
make[1]: 离开目录“/home/qiujian/only_test/ubus/jsonC_build/CMakeFiles/CMakeTmp”


Determining size of size_t passed with the following output:
Change Dir: /home/qiujian/only_test/ubus/jsonC_build/CMakeFiles/CMakeTmp

Run Build Command:"/usr/bin/make" "cmTC_39283/fast"
/usr/bin/make -f CMakeFiles/cmTC_39283.dir/build.make CMakeFiles/cmTC_39283.dir/build
make[1]: 进入目录“/home/qiujian/only_test/ubus/jsonC_build/CMakeFiles/CMakeTmp”
Building C object CMakeFiles/cmTC_39283.dir/SIZEOF_SIZE_T.c.o
/usr/bin/cc -D_GNU_SOURCE  -fPIE   -o CMakeFiles/cmTC_39283.dir/SIZEOF_SIZE_T.c.o   -c /home/qiujian/only_test/ubus/jsonC_build/CMakeFiles/CheckTypeSize/SIZEOF_SIZE_T.c
Linking C executable cmTC_39283
/usr/bin/cmake -E cmake_link_script CMakeFiles/cmTC_39283.dir/link.txt --verbose=1
/usr/bin/cc      CMakeFiles/cmTC_39283.dir/SIZEOF_SIZE_T.c.o  -o cmTC_39283 -lm 
make[1]: 离开目录“/home/qiujian/only_test/ubus/jsonC_build/CMakeFiles/CMakeTmp”


Determining size of ssize_t passed with the following output:
Change Dir: /home/qiujian/only_test/ubus/jsonC_build/CMakeFiles/CMakeTmp

Run Build Command:"/usr/bin/make" "cmTC_569cd/fast"
/usr/bin/make -f CMakeFiles/cmTC_569cd.dir/build.make CMakeFiles/cmTC_569cd.dir/build
make[1]: 进入目录“/home/qiujian/only_test/ubus/jsonC_build/CMakeFiles/CMakeTmp”
Building C object CMakeFiles/cmTC_569cd.dir/SIZEOF_SSIZE_T.c.o
/usr/bin/cc -D_GNU_SOURCE  -fPIE   -o CMakeFiles/cmTC_569cd.dir/SIZEOF_SSIZE_T.c.o   -c /home/qiujian/only_test/ubus/jsonC_build/CMakeFiles/CheckTypeSize/SIZEOF_SSIZE_T.c
Linking C executable cmTC_569cd
/usr/bin/cmake -E cmake_link_script CMakeFiles/cmTC_569cd.dir/link.txt --verbose=1
/usr/bin/cc      CMakeFiles/cmTC_569cd.dir/SIZEOF_SSIZE_T.c.o  -o cmTC_569cd -lm 
make[1]: 离开目录“/home/qiujian/only_test/ubus/jsonC_build/CMakeFiles/CMakeTmp”


Performing C SOURCE FILE Test HAVE_ATOMIC_BUILTINS succeeded with the following output:
Change Dir: /home/qiujian/only_test/ubus/jsonC_build/CMakeFiles/CMakeTmp

Run Build Command:"/usr/bin/make" "cmTC_3de52/fast"
/usr/bin/make -f CMakeFiles/cmTC_3de52.dir/build.make CMakeFiles/cmTC_3de52.dir/build
make[1]: 进入目录“/home/qiujian/only_test/ubus/jsonC_build/CMakeFiles/CMakeTmp”
Building C object CMakeFiles/cmTC_3de52.dir/src.c.o
/usr/bin/cc -D_GNU_SOURCE  -DHAVE_ATOMIC_BUILTINS -fPIE   -o CMakeFiles/cmTC_3de52.dir/src.c.o   -c /home/qiujian/only_test/ubus/jsonC_build/CMakeFiles/CMakeTmp/src.c
Linking C executable cmTC_3de52
/usr/bin/cmake -E cmake_link_script CMakeFiles/cmTC_3de52.dir/link.txt --verbose=1
/usr/bin/cc  -DHAVE_ATOMIC_BUILTINS    CMakeFiles/cmTC_3de52.dir/src.c.o  -o cmTC_3de52 -lm 
make[1]: 离开目录“/home/qiujian/only_test/ubus/jsonC_build/CMakeFiles/CMakeTmp”

Source file was:
int main() { int i, x = 0; i = __sync_add_and_fetch(&x,1); return x; }
Performing C SOURCE FILE Test HAVE___THREAD succeeded with the following output:
Change Dir: /home/qiujian/only_test/ubus/jsonC_build/CMakeFiles/CMakeTmp

Run Build Command:"/usr/bin/make" "cmTC_9d209/fast"
/usr/bin/make -f CMakeFiles/cmTC_9d209.dir/build.make CMakeFiles/cmTC_9d209.dir/build
make[1]: 进入目录“/home/qiujian/only_test/ubus/jsonC_build/CMakeFiles/CMakeTmp”
Building C object CMakeFiles/cmTC_9d209.dir/src.c.o
/usr/bin/cc -D_GNU_SOURCE  -DHAVE___THREAD -fPIE   -o CMakeFiles/cmTC_9d209.dir/src.c.o   -c /home/qiujian/only_test/ubus/jsonC_build/CMakeFiles/CMakeTmp/src.c
Linking C executable cmTC_9d209
/usr/bin/cmake -E cmake_link_script CMakeFiles/cmTC_9d209.dir/link.txt --verbose=1
/usr/bin/cc  -DHAVE___THREAD    CMakeFiles/cmTC_9d209.dir/src.c.o  -o cmTC_9d209 -lm 
make[1]: 离开目录“/home/qiujian/only_test/ubus/jsonC_build/CMakeFiles/CMakeTmp”

Source file was:
__thread int x = 0; int main() { return 0; }
Performing C SOURCE FILE Test REENTRANT_WORKS succeeded with the following output:
Change Dir: /home/qiujian/only_test/ubus/jsonC_build/CMakeFiles/CMakeTmp

Run Build Command:"/usr/bin/make" "cmTC_5b51f/fast"
/usr/bin/make -f CMakeFiles/cmTC_5b51f.dir/build.make CMakeFiles/cmTC_5b51f.dir/build
make[1]: 进入目录“/home/qiujian/only_test/ubus/jsonC_build/CMakeFiles/CMakeTmp”
Building C object CMakeFiles/cmTC_5b51f.dir/src.c.o
/usr/bin/cc -D_GNU_SOURCE  -ffunction-sections -fdata-sections -Werror -Wall -Wcast-qual -Wno-error=deprecated-declarations -Wextra -Wwrite-strings -Wno-unused-parameter -Wstrict-prototypes -DREENTRANT_WORKS -fPIE   -o CMakeFiles/cmTC_5b51f.dir/src.c.o   -c /home/qiujian/only_test/ubus/jsonC_build/CMakeFiles/CMakeTmp/src.c
Linking C executable cmTC_5b51f
/usr/bin/cmake -E cmake_link_script CMakeFiles/cmTC_5b51f.dir/link.txt --verbose=1
/usr/bin/cc  -ffunction-sections -fdata-sections -Werror -Wall -Wcast-qual -Wno-error=deprecated-declarations -Wextra -Wwrite-strings -Wno-unused-parameter -Wstrict-prototypes -DREENTRANT_WORKS    CMakeFiles/cmTC_5b51f.dir/src.c.o  -o cmTC_5b51f -lm 
make[1]: 离开目录“/home/qiujian/only_test/ubus/jsonC_build/CMakeFiles/CMakeTmp”

Source file was:

	/* uClibc toolchains without threading barf when _REENTRANT is defined */
	#define _REENTRANT 1
	#include <sys/types.h>
	int main (void)
	{
	  return 0;
	}
	
Performing C SOURCE FILE Test BSYMBOLIC_WORKS succeeded with the following output:
Change Dir: /home/qiujian/only_test/ubus/jsonC_build/CMakeFiles/CMakeTmp

Run Build Command:"/usr/bin/make" "cmTC_10026/fast"
/usr/bin/make -f CMakeFiles/cmTC_10026.dir/build.make CMakeFiles/cmTC_10026.dir/build
make[1]: 进入目录“/home/qiujian/only_test/ubus/jsonC_build/CMakeFiles/CMakeTmp”
Building C object CMakeFiles/cmTC_10026.dir/src.c.o
/usr/bin/cc -D_GNU_SOURCE  -ffunction-sections -fdata-sections -Werror -Wall -Wcast-qual -Wno-error=deprecated-declarations -Wextra -Wwrite-strings -Wno-unused-parameter -Wstrict-prototypes -DBSYMBOLIC_WORKS -fPIE   -o CMakeFiles/cmTC_10026.dir/src.c.o   -c /home/qiujian/only_test/ubus/jsonC_build/CMakeFiles/CMakeTmp/src.c
Linking C executable cmTC_10026
/usr/bin/cmake -E cmake_link_script CMakeFiles/cmTC_10026.dir/link.txt --verbose=1
/usr/bin/cc  -ffunction-sections -fdata-sections -Werror -Wall -Wcast-qual -Wno-error=deprecated-declarations -Wextra -Wwrite-strings -Wno-unused-parameter -Wstrict-prototypes -DBSYMBOLIC_WORKS    CMakeFiles/cmTC_10026.dir/src.c.o  -o cmTC_10026 -lm -Wl,-Bsymbolic-functions 
make[1]: 离开目录“/home/qiujian/only_test/ubus/jsonC_build/CMakeFiles/CMakeTmp”

Source file was:

	int main (void)
	{
	  return 0;
	}
	
Performing C SOURCE FILE Test VERSION_SCRIPT_WORKS succeeded with the following output:
Change Dir: /home/qiujian/only_test/ubus/jsonC_build/CMakeFiles/CMakeTmp

Run Build Command:"/usr/bin/make" "cmTC_1a182/fast"
/usr/bin/make -f CMakeFiles/cmTC_1a182.dir/build.make CMakeFiles/cmTC_1a182.dir/build
make[1]: 进入目录“/home/qiujian/only_test/ubus/jsonC_build/CMakeFiles/CMakeTmp”
Building C object CMakeFiles/cmTC_1a182.dir/src.c.o
/usr/bin/cc -D_GNU_SOURCE  -ffunction-sections -fdata-sections -Werror -Wall -Wcast-qual -Wno-error=deprecated-declarations -Wextra -Wwrite-strings -Wno-unused-parameter -Wstrict-prototypes -DVERSION_SCRIPT_WORKS -fPIE   -o CMakeFiles/cmTC_1a182.dir/src.c.o   -c /home/qiujian/only_test/ubus/jsonC_build/CMakeFiles/CMakeTmp/src.c
Linking C executable cmTC_1a182
/usr/bin/cmake -E cmake_link_script CMakeFiles/cmTC_1a182.dir/link.txt --verbose=1
/usr/bin/cc  -ffunction-sections -fdata-sections -Werror -Wall -Wcast-qual -Wno-error=deprecated-declarations -Wextra -Wwrite-strings -Wno-unused-parameter -Wstrict-prototypes -DVERSION_SCRIPT_WORKS    CMakeFiles/cmTC_1a182.dir/src.c.o  -o cmTC_1a182 -lm -Wl,--version-script,/home/qiujian/only_test/ubus/jsonC_build/check-version-script.sym 
make[1]: 离开目录“/home/qiujian/only_test/ubus/jsonC_build/CMakeFiles/CMakeTmp”

Source file was:

	int main (void)
	{
	  return 0;
	}
	
